Command line: /home/tools/SPAdes/SPAdes-3.14.0/bin/spades.py	--only-error-correction	--threads	20	-o	/mnt/analysis/bista_235bp_239/3.correct_by_BayesHammer/ERR1308239	-1	/mnt/analysis/bista_235bp_239/2.trimmomatic_output/filtered_max_ERR1308239_1.fastq.gz.1P.fastq.gz	-2	/mnt/analysis/bista_235bp_239/2.trimmomatic_output/filtered_max_ERR1308239_2.fastq.gz.2P.fastq.gz	--disable-gzip-output	

System information:
  SPAdes version: 3.14.0
  Python version: 2.7.12
  OS: Linux-5.8.0-48-generic-x86_64-with-Ubuntu-16.04-xenial

Output dir: /mnt/analysis/bista_235bp_239/3.correct_by_BayesHammer/ERR1308239
Mode: ONLY read error correction (without assembling)
Debug mode is turned OFF

Dataset parameters:
  Standard mode
  For multi-cell/isolate data we recommend to use '--isolate' option; for single-cell MDA data use '--sc'; for metagenomic data use '--meta'; for RNA-Seq use '--rna'.
  Reads:
    Library number: 1, library type: paired-end
      orientation: fr
      left reads: ['/mnt/analysis/bista_235bp_239/2.trimmomatic_output/filtered_max_ERR1308239_1.fastq.gz.1P.fastq.gz']
      right reads: ['/mnt/analysis/bista_235bp_239/2.trimmomatic_output/filtered_max_ERR1308239_2.fastq.gz.2P.fastq.gz']
      interlaced reads: not specified
      single reads: not specified
      merged reads: not specified
Read error correction parameters:
  Iterations: 1
  PHRED offset will be auto-detected
  Corrected reads will NOT be compressed
Other parameters:
  Dir for temp files: /mnt/analysis/bista_235bp_239/3.correct_by_BayesHammer/ERR1308239/tmp
  Threads: 20
  Memory limit (in Gb): 141


======= SPAdes pipeline started. Log can be found here: /mnt/analysis/bista_235bp_239/3.correct_by_BayesHammer/ERR1308239/spades.log


===== Read error correction started. 


===== Read error correction started. 


== Running: /home/tools/SPAdes/SPAdes-3.14.0/bin/spades-hammer /mnt/analysis/bista_235bp_239/3.correct_by_BayesHammer/ERR1308239/corrected/configs/config.info

  0:00:00.000     5M / 13M   INFO    General                 (main.cpp                  :  75)   Starting BayesHammer, built from N/A, git revision N/A
  0:00:00.000     5M / 13M   INFO    General                 (main.cpp                  :  76)   Loading config from /mnt/analysis/bista_235bp_239/3.correct_by_BayesHammer/ERR1308239/corrected/configs/config.info
  0:00:00.001     6M / 13M   INFO    General                 (main.cpp                  :  78)   Maximum # of threads to use (adjusted due to OMP capabilities): 20
  0:00:00.001     6M / 13M   INFO    General                 (memory_limit.cpp          :  49)   Memory limit set to 141 Gb
  0:00:00.001     6M / 13M   INFO    General                 (main.cpp                  :  86)   Trying to determine PHRED offset
  0:00:00.001     6M / 13M   INFO    General                 (main.cpp                  :  92)   Determined value is 33
  0:00:00.001     6M / 13M   INFO    General                 (hammer_tools.cpp          :  38)   Hamming graph threshold tau=1, k=21, subkmer positions = [ 0 10 ]
  0:00:00.001     6M / 13M   INFO    General                 (main.cpp                  : 113)   Size of aux. kmer data 24 bytes
     === ITERATION 0 begins ===
  0:00:00.001     6M / 13M   INFO   K-mer Index Building     (kmer_index_builder.hpp    : 301)   Building kmer index
  0:00:00.001     6M / 13M   INFO    General                 (kmer_index_builder.hpp    : 117)   Splitting kmer instances into 320 files using 20 threads. This might take a while.
  0:00:00.002     6M / 13M   INFO    General                 (file_limit.hpp            :  32)   Open file limit set to 1048576
  0:00:00.002     6M / 13M   INFO    General                 (kmer_splitters.hpp        :  89)   Memory available for splitting buffers: 2.34999 Gb
  0:00:00.002     6M / 13M   INFO    General                 (kmer_splitters.hpp        :  97)   Using cell size of 209715
  0:00:00.023    13G / 13G   INFO   K-mer Splitting          (kmer_data.cpp             :  97)   Processing /mnt/analysis/bista_235bp_239/2.trimmomatic_output/filtered_max_ERR1308239_1.fastq.gz.1P.fastq.gz
  0:00:04.436    13G / 13G   INFO   K-mer Splitting          (kmer_data.cpp             : 107)   Processed 353641 reads
  0:00:04.437    13G / 13G   INFO   K-mer Splitting          (kmer_data.cpp             :  97)   Processing /mnt/analysis/bista_235bp_239/2.trimmomatic_output/filtered_max_ERR1308239_2.fastq.gz.2P.fastq.gz
  0:00:08.725    13G / 13G   INFO   K-mer Splitting          (kmer_data.cpp             : 107)   Processed 707282 reads
  0:00:08.726    13G / 13G   INFO   K-mer Splitting          (kmer_data.cpp             : 112)   Total 707282 reads processed
  0:00:08.889   499M / 2G    INFO    General                 (kmer_index_builder.hpp    : 120)   Starting k-mer counting.
  0:00:08.951   497M / 2G    INFO    General                 (kmer_index_builder.hpp    : 127)   K-mer counting done. There are 2962494 kmers in total.
  0:00:08.952   497M / 2G    INFO    General                 (kmer_index_builder.hpp    : 133)   Merging temporary buckets.
  0:00:09.004   497M / 2G    INFO   K-mer Index Building     (kmer_index_builder.hpp    : 314)   Building perfect hash indices
  0:00:09.089   505M / 2G    INFO    General                 (kmer_index_builder.hpp    : 150)   Merging final buckets.
  0:00:09.160   505M / 2G    INFO   K-mer Index Building     (kmer_index_builder.hpp    : 336)   Index built. Total 1382128 bytes occupied (3.73234 bits per kmer).
  0:00:09.162   505M / 2G    INFO   K-mer Counting           (kmer_data.cpp             : 351)   Arranging kmers in hash map order
  0:00:09.272   553M / 2G    INFO    General                 (main.cpp                  : 148)   Clustering Hamming graph.
  0:00:10.880   553M / 2G    INFO    General                 (main.cpp                  : 155)   Extracting clusters
  0:00:11.548   553M / 2G    INFO    General                 (main.cpp                  : 167)   Clustering done. Total clusters: 624115
  0:00:11.551   529M / 2G    INFO   K-mer Counting           (kmer_data.cpp             : 371)   Collecting K-mer information, this takes a while.
  0:00:11.589   609M / 2G    INFO   K-mer Counting           (kmer_data.cpp             : 377)   Processing /mnt/analysis/bista_235bp_239/2.trimmomatic_output/filtered_max_ERR1308239_1.fastq.gz.1P.fastq.gz
  0:00:18.372   428M / 2G    INFO   K-mer Counting           (kmer_data.cpp             : 377)   Processing /mnt/analysis/bista_235bp_239/2.trimmomatic_output/filtered_max_ERR1308239_2.fastq.gz.2P.fastq.gz
  0:00:24.769   429M / 2G    INFO   K-mer Counting           (kmer_data.cpp             : 384)   Collection done, postprocessing.
  0:00:24.788   429M / 2G    INFO   K-mer Counting           (kmer_data.cpp             : 398)   There are 2962494 kmers in total. Among them 1751402 (59.1192%) are singletons.
  0:00:24.789   429M / 2G    INFO    General                 (main.cpp                  : 173)   Subclustering Hamming graph
  0:01:37.137   266M / 2G    INFO   Hamming Subclustering    (kmer_cluster.cpp          : 649)   Subclustering done. Total 63 non-read kmers were generated.
  0:01:37.139   266M / 2G    INFO   Hamming Subclustering    (kmer_cluster.cpp          : 650)   Subclustering statistics:
  0:01:37.139   266M / 2G    INFO   Hamming Subclustering    (kmer_cluster.cpp          : 651)     Total singleton hamming clusters: 506128. Among them 64952 (12.8331%) are good
  0:01:37.140   266M / 2G    INFO   Hamming Subclustering    (kmer_cluster.cpp          : 652)     Total singleton subclusters: 7820. Among them 7687 (98.2992%) are good
  0:01:37.141   266M / 2G    INFO   Hamming Subclustering    (kmer_cluster.cpp          : 653)     Total non-singleton subcluster centers: 203190. Among them 137955 (67.8946%) are good
  0:01:37.141   266M / 2G    INFO   Hamming Subclustering    (kmer_cluster.cpp          : 654)     Average size of non-trivial subcluster: 12.0986 kmers
  0:01:37.142   266M / 2G    INFO   Hamming Subclustering    (kmer_cluster.cpp          : 655)     Average number of sub-clusters per non-singleton cluster: 1.78842
  0:01:37.143   266M / 2G    INFO   Hamming Subclustering    (kmer_cluster.cpp          : 656)     Total solid k-mers: 210594
  0:01:37.143   266M / 2G    INFO   Hamming Subclustering    (kmer_cluster.cpp          : 657)     Substitution probabilities: [4,4]((0.920164,0.0247091,0.0220227,0.033104),(0.0360223,0.916734,0.0152653,0.0319789),(0.0308653,0.014654,0.917754,0.036727),(0.0328826,0.0213112,0.0244099,0.921396))
  0:01:37.146   266M / 2G    INFO    General                 (main.cpp                  : 178)   Finished clustering.
  0:01:37.146   266M / 2G    INFO    General                 (main.cpp                  : 197)   Starting solid k-mers expansion in 20 threads.
  0:01:43.885   240M / 2G    INFO    General                 (main.cpp                  : 218)   Solid k-mers iteration 0 produced 423258 new k-mers.
  0:01:50.340   223M / 2G    INFO    General                 (main.cpp                  : 218)   Solid k-mers iteration 1 produced 32892 new k-mers.
  0:01:56.830   210M / 2G    INFO    General                 (main.cpp                  : 218)   Solid k-mers iteration 2 produced 1670 new k-mers.
  0:02:03.527   180M / 2G    INFO    General                 (main.cpp                  : 218)   Solid k-mers iteration 3 produced 166 new k-mers.
  0:02:09.986   160M / 2G    INFO    General                 (main.cpp                  : 218)   Solid k-mers iteration 4 produced 0 new k-mers.
  0:02:09.987   160M / 2G    INFO    General                 (main.cpp                  : 222)   Solid k-mers finalized
  0:02:09.987   160M / 2G    INFO    General                 (hammer_tools.cpp          : 222)   Starting read correction in 20 threads.
  0:02:09.988   160M / 2G    INFO    General                 (hammer_tools.cpp          : 235)   Correcting pair of reads: /mnt/analysis/bista_235bp_239/2.trimmomatic_output/filtered_max_ERR1308239_1.fastq.gz.1P.fastq.gz and /mnt/analysis/bista_235bp_239/2.trimmomatic_output/filtered_max_ERR1308239_2.fastq.gz.2P.fastq.gz
  0:02:16.256     2G / 2G    INFO    General                 (hammer_tools.cpp          : 170)   Prepared batch 0 of 353641 reads.
  0:02:21.571     2G / 2G    INFO    General                 (hammer_tools.cpp          : 177)   Processed batch 0
  0:02:23.416     2G / 2G    INFO    General                 (hammer_tools.cpp          : 187)   Written batch 0
  0:02:23.608   697M / 2G    INFO    General                 (hammer_tools.cpp          : 276)   Correction done. Changed 106703 bases in 53165 reads.
  0:02:23.609   697M / 2G    INFO    General                 (hammer_tools.cpp          : 277)   Failed to correct 11110 bases out of 193227454.
  0:02:23.619   593M / 2G    INFO    General                 (main.cpp                  : 255)   Saving corrected dataset description to /mnt/analysis/bista_235bp_239/3.correct_by_BayesHammer/ERR1308239/corrected/corrected.yaml
  0:02:23.621   593M / 2G    INFO    General                 (main.cpp                  : 262)   All done. Exiting.

===== Read error correction finished. 


===== corrected reads compression started. 


== Running: /home/tools/OBI/OBI-env/bin/python /home/tools/SPAdes/SPAdes-3.14.0/share/spades/spades_pipeline/scripts/compress_all.py --input_file /mnt/analysis/bista_235bp_239/3.correct_by_BayesHammer/ERR1308239/corrected/corrected.yaml --ext_python_modules_home /home/tools/SPAdes/SPAdes-3.14.0/share/spades --max_threads 20 --output_dir /mnt/analysis/bista_235bp_239/3.correct_by_BayesHammer/ERR1308239/corrected


===== corrected reads compression finished. 


===== Read error correction finished. 


===== Breaking scaffolds started. 


== Running: /home/tools/OBI/OBI-env/bin/python /home/tools/SPAdes/SPAdes-3.14.0/share/spades/spades_pipeline/scripts/breaking_scaffolds_script.py --result_scaffolds_filename /mnt/analysis/bista_235bp_239/3.correct_by_BayesHammer/ERR1308239/scaffolds.fasta --misc_dir /mnt/analysis/bista_235bp_239/3.correct_by_BayesHammer/ERR1308239/misc --threshold_for_breaking_scaffolds 3


===== Breaking scaffolds finished. 


===== Terminate started. 


===== Terminate finished. 

 * Corrected reads are in /mnt/analysis/bista_235bp_239/3.correct_by_BayesHammer/ERR1308239/corrected/

======= SPAdes pipeline finished.

SPAdes log can be found here: /mnt/analysis/bista_235bp_239/3.correct_by_BayesHammer/ERR1308239/spades.log

Thank you for using SPAdes!
