Command line: /home/tools/SPAdes/SPAdes-3.14.0/bin/spades.py	--only-error-correction	--threads	10	-o	/mnt/analysis/arms_coi/3.correct_by_BayesHammer/ERR3460466	-1	/mnt/analysis/arms_coi/2.trimmomatic_output/filtered_max_ERR3460466_1.fastq.gz.1P.fastq.gz	-2	/mnt/analysis/arms_coi/2.trimmomatic_output/filtered_max_ERR3460466_2.fastq.gz.2P.fastq.gz	--disable-gzip-output	

System information:
  SPAdes version: 3.14.0
  Python version: 2.7.12
  OS: Linux-5.8.0-48-generic-x86_64-with-Ubuntu-16.04-xenial

Output dir: /mnt/analysis/arms_coi/3.correct_by_BayesHammer/ERR3460466
Mode: ONLY read error correction (without assembling)
Debug mode is turned OFF

Dataset parameters:
  Standard mode
  For multi-cell/isolate data we recommend to use '--isolate' option; for single-cell MDA data use '--sc'; for metagenomic data use '--meta'; for RNA-Seq use '--rna'.
  Reads:
    Library number: 1, library type: paired-end
      orientation: fr
      left reads: ['/mnt/analysis/arms_coi/2.trimmomatic_output/filtered_max_ERR3460466_1.fastq.gz.1P.fastq.gz']
      right reads: ['/mnt/analysis/arms_coi/2.trimmomatic_output/filtered_max_ERR3460466_2.fastq.gz.2P.fastq.gz']
      interlaced reads: not specified
      single reads: not specified
      merged reads: not specified
Read error correction parameters:
  Iterations: 1
  PHRED offset will be auto-detected
  Corrected reads will NOT be compressed
Other parameters:
  Dir for temp files: /mnt/analysis/arms_coi/3.correct_by_BayesHammer/ERR3460466/tmp
  Threads: 10
  Memory limit (in Gb): 141


======= SPAdes pipeline started. Log can be found here: /mnt/analysis/arms_coi/3.correct_by_BayesHammer/ERR3460466/spades.log


===== Read error correction started. 


===== Read error correction started. 


== Running: /home/tools/SPAdes/SPAdes-3.14.0/bin/spades-hammer /mnt/analysis/arms_coi/3.correct_by_BayesHammer/ERR3460466/corrected/configs/config.info

  0:00:00.000     5M / 13M   INFO    General                 (main.cpp                  :  75)   Starting BayesHammer, built from N/A, git revision N/A
  0:00:00.000     5M / 13M   INFO    General                 (main.cpp                  :  76)   Loading config from /mnt/analysis/arms_coi/3.correct_by_BayesHammer/ERR3460466/corrected/configs/config.info
  0:00:00.001     6M / 13M   INFO    General                 (main.cpp                  :  78)   Maximum # of threads to use (adjusted due to OMP capabilities): 10
  0:00:00.001     6M / 13M   INFO    General                 (memory_limit.cpp          :  49)   Memory limit set to 141 Gb
  0:00:00.001     6M / 13M   INFO    General                 (main.cpp                  :  86)   Trying to determine PHRED offset
  0:00:00.001     6M / 13M   INFO    General                 (main.cpp                  :  92)   Determined value is 33
  0:00:00.001     6M / 13M   INFO    General                 (hammer_tools.cpp          :  38)   Hamming graph threshold tau=1, k=21, subkmer positions = [ 0 10 ]
  0:00:00.001     6M / 13M   INFO    General                 (main.cpp                  : 113)   Size of aux. kmer data 24 bytes
     === ITERATION 0 begins ===
  0:00:00.001     6M / 13M   INFO   K-mer Index Building     (kmer_index_builder.hpp    : 301)   Building kmer index
  0:00:00.001     6M / 13M   INFO    General                 (kmer_index_builder.hpp    : 117)   Splitting kmer instances into 160 files using 10 threads. This might take a while.
  0:00:00.001     6M / 13M   INFO    General                 (file_limit.hpp            :  32)   Open file limit set to 1048576
  0:00:00.002     6M / 13M   INFO    General                 (kmer_splitters.hpp        :  89)   Memory available for splitting buffers: 4.69998 Gb
  0:00:00.002     6M / 13M   INFO    General                 (kmer_splitters.hpp        :  97)   Using cell size of 419430
  0:00:00.007     7G / 7G    INFO   K-mer Splitting          (kmer_data.cpp             :  97)   Processing /mnt/analysis/arms_coi/2.trimmomatic_output/filtered_max_ERR3460466_1.fastq.gz.1P.fastq.gz
  0:00:01.597     7G / 7G    INFO   K-mer Splitting          (kmer_data.cpp             : 107)   Processed 115149 reads
  0:00:01.597     7G / 7G    INFO   K-mer Splitting          (kmer_data.cpp             :  97)   Processing /mnt/analysis/arms_coi/2.trimmomatic_output/filtered_max_ERR3460466_2.fastq.gz.2P.fastq.gz
  0:00:02.949     7G / 7G    INFO   K-mer Splitting          (kmer_data.cpp             : 107)   Processed 230298 reads
  0:00:02.949     7G / 7G    INFO   K-mer Splitting          (kmer_data.cpp             : 112)   Total 230298 reads processed
  0:00:02.999   228M / 616M  INFO    General                 (kmer_index_builder.hpp    : 120)   Starting k-mer counting.
  0:00:03.069   230M / 616M  INFO    General                 (kmer_index_builder.hpp    : 127)   K-mer counting done. There are 4073140 kmers in total.
  0:00:03.069   230M / 616M  INFO    General                 (kmer_index_builder.hpp    : 133)   Merging temporary buckets.
  0:00:03.119   230M / 616M  INFO   K-mer Index Building     (kmer_index_builder.hpp    : 314)   Building perfect hash indices
  0:00:03.286   226M / 616M  INFO    General                 (kmer_index_builder.hpp    : 150)   Merging final buckets.
  0:00:03.480   226M / 616M  INFO   K-mer Index Building     (kmer_index_builder.hpp    : 336)   Index built. Total 1896888 bytes occupied (3.72565 bits per kmer).
  0:00:03.481   226M / 616M  INFO   K-mer Counting           (kmer_data.cpp             : 351)   Arranging kmers in hash map order
  0:00:03.664   290M / 616M  INFO    General                 (main.cpp                  : 148)   Clustering Hamming graph.
  0:00:07.831   290M / 616M  INFO    General                 (main.cpp                  : 155)   Extracting clusters
  0:00:08.979   239M / 616M  INFO    General                 (main.cpp                  : 167)   Clustering done. Total clusters: 2197875
  0:00:08.983   207M / 616M  INFO   K-mer Counting           (kmer_data.cpp             : 371)   Collecting K-mer information, this takes a while.
  0:00:09.034   303M / 616M  INFO   K-mer Counting           (kmer_data.cpp             : 377)   Processing /mnt/analysis/arms_coi/2.trimmomatic_output/filtered_max_ERR3460466_1.fastq.gz.1P.fastq.gz
  0:00:12.653   256M / 616M  INFO   K-mer Counting           (kmer_data.cpp             : 377)   Processing /mnt/analysis/arms_coi/2.trimmomatic_output/filtered_max_ERR3460466_2.fastq.gz.2P.fastq.gz
  0:00:15.903   256M / 616M  INFO   K-mer Counting           (kmer_data.cpp             : 384)   Collection done, postprocessing.
  0:00:15.923   256M / 616M  INFO   K-mer Counting           (kmer_data.cpp             : 398)   There are 4073140 kmers in total. Among them 3164312 (77.6873%) are singletons.
  0:00:15.923   256M / 616M  INFO    General                 (main.cpp                  : 173)   Subclustering Hamming graph
  0:00:51.202   228M / 616M  INFO   Hamming Subclustering    (kmer_cluster.cpp          : 649)   Subclustering done. Total 96 non-read kmers were generated.
  0:00:51.202   228M / 616M  INFO   Hamming Subclustering    (kmer_cluster.cpp          : 650)   Subclustering statistics:
  0:00:51.203   228M / 616M  INFO   Hamming Subclustering    (kmer_cluster.cpp          : 651)     Total singleton hamming clusters: 2121036. Among them 63316 (2.98514%) are good
  0:00:51.203   228M / 616M  INFO   Hamming Subclustering    (kmer_cluster.cpp          : 652)     Total singleton subclusters: 5332. Among them 5326 (99.8875%) are good
  0:00:51.203   228M / 616M  INFO   Hamming Subclustering    (kmer_cluster.cpp          : 653)     Total non-singleton subcluster centers: 139564. Among them 98224 (70.3792%) are good
  0:00:51.204   228M / 616M  INFO   Hamming Subclustering    (kmer_cluster.cpp          : 654)     Average size of non-trivial subcluster: 13.9895 kmers
  0:00:51.204   228M / 616M  INFO   Hamming Subclustering    (kmer_cluster.cpp          : 655)     Average number of sub-clusters per non-singleton cluster: 1.88571
  0:00:51.204   228M / 616M  INFO   Hamming Subclustering    (kmer_cluster.cpp          : 656)     Total solid k-mers: 166866
  0:00:51.204   228M / 616M  INFO   Hamming Subclustering    (kmer_cluster.cpp          : 657)     Substitution probabilities: [4,4]((0.909813,0.0271413,0.0328332,0.0302121),(0.0360281,0.922656,0.0114606,0.0298556),(0.028357,0.0110498,0.923108,0.0374851),(0.0287249,0.031832,0.0266489,0.912794))
  0:00:51.209   228M / 616M  INFO    General                 (main.cpp                  : 178)   Finished clustering.
  0:00:51.209   228M / 616M  INFO    General                 (main.cpp                  : 197)   Starting solid k-mers expansion in 10 threads.
  0:00:53.320   201M / 616M  INFO    General                 (main.cpp                  : 218)   Solid k-mers iteration 0 produced 208474 new k-mers.
  0:00:55.529   201M / 616M  INFO    General                 (main.cpp                  : 218)   Solid k-mers iteration 1 produced 15043 new k-mers.
  0:00:57.647   201M / 616M  INFO    General                 (main.cpp                  : 218)   Solid k-mers iteration 2 produced 612 new k-mers.
  0:00:59.754   192M / 616M  INFO    General                 (main.cpp                  : 218)   Solid k-mers iteration 3 produced 17 new k-mers.
  0:01:01.859   186M / 616M  INFO    General                 (main.cpp                  : 218)   Solid k-mers iteration 4 produced 0 new k-mers.
  0:01:01.859   186M / 616M  INFO    General                 (main.cpp                  : 222)   Solid k-mers finalized
  0:01:01.860   186M / 616M  INFO    General                 (hammer_tools.cpp          : 222)   Starting read correction in 10 threads.
  0:01:01.860   186M / 616M  INFO    General                 (hammer_tools.cpp          : 235)   Correcting pair of reads: /mnt/analysis/arms_coi/2.trimmomatic_output/filtered_max_ERR3460466_1.fastq.gz.1P.fastq.gz and /mnt/analysis/arms_coi/2.trimmomatic_output/filtered_max_ERR3460466_2.fastq.gz.2P.fastq.gz
  0:01:03.987   555M / 616M  INFO    General                 (hammer_tools.cpp          : 170)   Prepared batch 0 of 115149 reads.
  0:01:16.662   547M / 616M  INFO    General                 (hammer_tools.cpp          : 177)   Processed batch 0
  0:01:17.277   547M / 616M  INFO    General                 (hammer_tools.cpp          : 187)   Written batch 0
  0:01:17.395   318M / 616M  INFO    General                 (hammer_tools.cpp          : 276)   Correction done. Changed 105239 bases in 42837 reads.
  0:01:17.396   318M / 616M  INFO    General                 (hammer_tools.cpp          : 277)   Failed to correct 66 bases out of 62875303.
  0:01:17.407   190M / 616M  INFO    General                 (main.cpp                  : 255)   Saving corrected dataset description to /mnt/analysis/arms_coi/3.correct_by_BayesHammer/ERR3460466/corrected/corrected.yaml
  0:01:17.408   190M / 616M  INFO    General                 (main.cpp                  : 262)   All done. Exiting.

===== Read error correction finished. 


===== corrected reads compression started. 


== Running: /home/tools/OBI/OBI-env/bin/python /home/tools/SPAdes/SPAdes-3.14.0/share/spades/spades_pipeline/scripts/compress_all.py --input_file /mnt/analysis/arms_coi/3.correct_by_BayesHammer/ERR3460466/corrected/corrected.yaml --ext_python_modules_home /home/tools/SPAdes/SPAdes-3.14.0/share/spades --max_threads 10 --output_dir /mnt/analysis/arms_coi/3.correct_by_BayesHammer/ERR3460466/corrected


===== corrected reads compression finished. 


===== Read error correction finished. 


===== Breaking scaffolds started. 


== Running: /home/tools/OBI/OBI-env/bin/python /home/tools/SPAdes/SPAdes-3.14.0/share/spades/spades_pipeline/scripts/breaking_scaffolds_script.py --result_scaffolds_filename /mnt/analysis/arms_coi/3.correct_by_BayesHammer/ERR3460466/scaffolds.fasta --misc_dir /mnt/analysis/arms_coi/3.correct_by_BayesHammer/ERR3460466/misc --threshold_for_breaking_scaffolds 3


===== Breaking scaffolds finished. 


===== Terminate started. 


===== Terminate finished. 

 * Corrected reads are in /mnt/analysis/arms_coi/3.correct_by_BayesHammer/ERR3460466/corrected/

======= SPAdes pipeline finished.

SPAdes log can be found here: /mnt/analysis/arms_coi/3.correct_by_BayesHammer/ERR3460466/spades.log

Thank you for using SPAdes!
