Command line: /home/tools/SPAdes/SPAdes-3.14.0/bin/spades.py	--only-error-correction	--threads	10	-o	/mnt/analysis/arms_coi/3.correct_by_BayesHammer/ERR3460467	-1	/mnt/analysis/arms_coi/2.trimmomatic_output/filtered_max_ERR3460467_1.fastq.gz.1P.fastq.gz	-2	/mnt/analysis/arms_coi/2.trimmomatic_output/filtered_max_ERR3460467_2.fastq.gz.2P.fastq.gz	--disable-gzip-output	

System information:
  SPAdes version: 3.14.0
  Python version: 2.7.12
  OS: Linux-5.8.0-48-generic-x86_64-with-Ubuntu-16.04-xenial

Output dir: /mnt/analysis/arms_coi/3.correct_by_BayesHammer/ERR3460467
Mode: ONLY read error correction (without assembling)
Debug mode is turned OFF

Dataset parameters:
  Standard mode
  For multi-cell/isolate data we recommend to use '--isolate' option; for single-cell MDA data use '--sc'; for metagenomic data use '--meta'; for RNA-Seq use '--rna'.
  Reads:
    Library number: 1, library type: paired-end
      orientation: fr
      left reads: ['/mnt/analysis/arms_coi/2.trimmomatic_output/filtered_max_ERR3460467_1.fastq.gz.1P.fastq.gz']
      right reads: ['/mnt/analysis/arms_coi/2.trimmomatic_output/filtered_max_ERR3460467_2.fastq.gz.2P.fastq.gz']
      interlaced reads: not specified
      single reads: not specified
      merged reads: not specified
Read error correction parameters:
  Iterations: 1
  PHRED offset will be auto-detected
  Corrected reads will NOT be compressed
Other parameters:
  Dir for temp files: /mnt/analysis/arms_coi/3.correct_by_BayesHammer/ERR3460467/tmp
  Threads: 10
  Memory limit (in Gb): 141


======= SPAdes pipeline started. Log can be found here: /mnt/analysis/arms_coi/3.correct_by_BayesHammer/ERR3460467/spades.log


===== Read error correction started. 


===== Read error correction started. 


== Running: /home/tools/SPAdes/SPAdes-3.14.0/bin/spades-hammer /mnt/analysis/arms_coi/3.correct_by_BayesHammer/ERR3460467/corrected/configs/config.info

  0:00:00.000     5M / 13M   INFO    General                 (main.cpp                  :  75)   Starting BayesHammer, built from N/A, git revision N/A
  0:00:00.000     5M / 13M   INFO    General                 (main.cpp                  :  76)   Loading config from /mnt/analysis/arms_coi/3.correct_by_BayesHammer/ERR3460467/corrected/configs/config.info
  0:00:00.000     6M / 13M   INFO    General                 (main.cpp                  :  78)   Maximum # of threads to use (adjusted due to OMP capabilities): 10
  0:00:00.001     6M / 13M   INFO    General                 (memory_limit.cpp          :  49)   Memory limit set to 141 Gb
  0:00:00.001     6M / 13M   INFO    General                 (main.cpp                  :  86)   Trying to determine PHRED offset
  0:00:00.001     6M / 13M   INFO    General                 (main.cpp                  :  92)   Determined value is 33
  0:00:00.001     6M / 13M   INFO    General                 (hammer_tools.cpp          :  38)   Hamming graph threshold tau=1, k=21, subkmer positions = [ 0 10 ]
  0:00:00.001     6M / 13M   INFO    General                 (main.cpp                  : 113)   Size of aux. kmer data 24 bytes
     === ITERATION 0 begins ===
  0:00:00.001     6M / 13M   INFO   K-mer Index Building     (kmer_index_builder.hpp    : 301)   Building kmer index
  0:00:00.001     6M / 13M   INFO    General                 (kmer_index_builder.hpp    : 117)   Splitting kmer instances into 160 files using 10 threads. This might take a while.
  0:00:00.001     6M / 13M   INFO    General                 (file_limit.hpp            :  32)   Open file limit set to 1048576
  0:00:00.001     6M / 13M   INFO    General                 (kmer_splitters.hpp        :  89)   Memory available for splitting buffers: 4.69998 Gb
  0:00:00.001     6M / 13M   INFO    General                 (kmer_splitters.hpp        :  97)   Using cell size of 419430
  0:00:00.008     7G / 7G    INFO   K-mer Splitting          (kmer_data.cpp             :  97)   Processing /mnt/analysis/arms_coi/2.trimmomatic_output/filtered_max_ERR3460467_1.fastq.gz.1P.fastq.gz
  0:00:01.615     7G / 7G    INFO   K-mer Splitting          (kmer_data.cpp             : 107)   Processed 118131 reads
  0:00:01.616     7G / 7G    INFO   K-mer Splitting          (kmer_data.cpp             :  97)   Processing /mnt/analysis/arms_coi/2.trimmomatic_output/filtered_max_ERR3460467_2.fastq.gz.2P.fastq.gz
  0:00:03.069     7G / 7G    INFO   K-mer Splitting          (kmer_data.cpp             : 107)   Processed 236262 reads
  0:00:03.069     7G / 7G    INFO   K-mer Splitting          (kmer_data.cpp             : 112)   Total 236262 reads processed
  0:00:03.113   204M / 535M  INFO    General                 (kmer_index_builder.hpp    : 120)   Starting k-mer counting.
  0:00:03.350   200M / 535M  INFO    General                 (kmer_index_builder.hpp    : 127)   K-mer counting done. There are 17827088 kmers in total.
  0:00:03.350   200M / 535M  INFO    General                 (kmer_index_builder.hpp    : 133)   Merging temporary buckets.
  0:00:03.528   200M / 535M  INFO   K-mer Index Building     (kmer_index_builder.hpp    : 314)   Building perfect hash indices
  0:00:04.241   202M / 535M  INFO    General                 (kmer_index_builder.hpp    : 150)   Merging final buckets.
  0:00:04.623   202M / 535M  INFO   K-mer Index Building     (kmer_index_builder.hpp    : 336)   Index built. Total 8274784 bytes occupied (3.71335 bits per kmer).
  0:00:04.624   202M / 535M  INFO   K-mer Counting           (kmer_data.cpp             : 351)   Arranging kmers in hash map order
  0:00:05.368   524M / 535M  INFO    General                 (main.cpp                  : 148)   Clustering Hamming graph.
  0:00:24.532   524M / 535M  INFO    General                 (main.cpp                  : 155)   Extracting clusters
  0:00:29.854   587M / 2G    INFO    General                 (main.cpp                  : 167)   Clustering done. Total clusters: 13837167
  0:00:29.867   427M / 2G    INFO   K-mer Counting           (kmer_data.cpp             : 371)   Collecting K-mer information, this takes a while.
  0:00:30.090   875M / 2G    INFO   K-mer Counting           (kmer_data.cpp             : 377)   Processing /mnt/analysis/arms_coi/2.trimmomatic_output/filtered_max_ERR3460467_1.fastq.gz.1P.fastq.gz
  0:00:33.549   787M / 2G    INFO   K-mer Counting           (kmer_data.cpp             : 377)   Processing /mnt/analysis/arms_coi/2.trimmomatic_output/filtered_max_ERR3460467_2.fastq.gz.2P.fastq.gz
  0:00:36.701   735M / 2G    INFO   K-mer Counting           (kmer_data.cpp             : 384)   Collection done, postprocessing.
  0:00:36.777   735M / 2G    INFO   K-mer Counting           (kmer_data.cpp             : 398)   There are 17827088 kmers in total. Among them 16510608 (92.6153%) are singletons.
  0:00:36.778   735M / 2G    INFO    General                 (main.cpp                  : 173)   Subclustering Hamming graph
  0:02:01.343   719M / 2G    INFO   Hamming Subclustering    (kmer_cluster.cpp          : 649)   Subclustering done. Total 479 non-read kmers were generated.
  0:02:01.344   719M / 2G    INFO   Hamming Subclustering    (kmer_cluster.cpp          : 650)   Subclustering statistics:
  0:02:01.344   719M / 2G    INFO   Hamming Subclustering    (kmer_cluster.cpp          : 651)     Total singleton hamming clusters: 13521438. Among them 61560 (0.455277%) are good
  0:02:01.344   719M / 2G    INFO   Hamming Subclustering    (kmer_cluster.cpp          : 652)     Total singleton subclusters: 4109. Among them 4044 (98.4181%) are good
  0:02:01.344   719M / 2G    INFO   Hamming Subclustering    (kmer_cluster.cpp          : 653)     Total non-singleton subcluster centers: 417436. Among them 140805 (33.7309%) are good
  0:02:01.345   719M / 2G    INFO   Hamming Subclustering    (kmer_cluster.cpp          : 654)     Average size of non-trivial subcluster: 10.3224 kmers
  0:02:01.345   719M / 2G    INFO   Hamming Subclustering    (kmer_cluster.cpp          : 655)     Average number of sub-clusters per non-singleton cluster: 1.33515
  0:02:01.345   719M / 2G    INFO   Hamming Subclustering    (kmer_cluster.cpp          : 656)     Total solid k-mers: 206409
  0:02:01.345   719M / 2G    INFO   Hamming Subclustering    (kmer_cluster.cpp          : 657)     Substitution probabilities: [4,4]((0.883516,0.0371513,0.036878,0.0424551),(0.0444326,0.896867,0.0216187,0.037082),(0.0342992,0.0201148,0.897718,0.0478677),(0.0402064,0.0356099,0.0358731,0.888311))
  0:02:01.369   719M / 2G    INFO    General                 (main.cpp                  : 178)   Finished clustering.
  0:02:01.369   719M / 2G    INFO    General                 (main.cpp                  : 197)   Starting solid k-mers expansion in 10 threads.
  0:02:03.285   693M / 2G    INFO    General                 (main.cpp                  : 218)   Solid k-mers iteration 0 produced 119694 new k-mers.
  0:02:05.169   693M / 2G    INFO    General                 (main.cpp                  : 218)   Solid k-mers iteration 1 produced 7143 new k-mers.
  0:02:07.053   685M / 2G    INFO    General                 (main.cpp                  : 218)   Solid k-mers iteration 2 produced 452 new k-mers.
  0:02:08.937   684M / 2G    INFO    General                 (main.cpp                  : 218)   Solid k-mers iteration 3 produced 0 new k-mers.
  0:02:08.938   684M / 2G    INFO    General                 (main.cpp                  : 222)   Solid k-mers finalized
  0:02:08.938   684M / 2G    INFO    General                 (hammer_tools.cpp          : 222)   Starting read correction in 10 threads.
  0:02:08.938   684M / 2G    INFO    General                 (hammer_tools.cpp          : 235)   Correcting pair of reads: /mnt/analysis/arms_coi/2.trimmomatic_output/filtered_max_ERR3460467_1.fastq.gz.1P.fastq.gz and /mnt/analysis/arms_coi/2.trimmomatic_output/filtered_max_ERR3460467_2.fastq.gz.2P.fastq.gz
  0:02:10.971     2G / 2G    INFO    General                 (hammer_tools.cpp          : 170)   Prepared batch 0 of 118131 reads.
  0:04:07.203     2G / 2G    INFO    General                 (hammer_tools.cpp          : 177)   Processed batch 0
  0:04:07.814     2G / 2G    INFO    General                 (hammer_tools.cpp          : 187)   Written batch 0
  0:04:07.934   810M / 2G    INFO    General                 (hammer_tools.cpp          : 276)   Correction done. Changed 322328 bases in 70008 reads.
  0:04:07.935   810M / 2G    INFO    General                 (hammer_tools.cpp          : 277)   Failed to correct 273 bases out of 55744705.
  0:04:07.991   202M / 2G    INFO    General                 (main.cpp                  : 255)   Saving corrected dataset description to /mnt/analysis/arms_coi/3.correct_by_BayesHammer/ERR3460467/corrected/corrected.yaml
  0:04:07.991   202M / 2G    INFO    General                 (main.cpp                  : 262)   All done. Exiting.

===== Read error correction finished. 


===== corrected reads compression started. 


== Running: /home/tools/OBI/OBI-env/bin/python /home/tools/SPAdes/SPAdes-3.14.0/share/spades/spades_pipeline/scripts/compress_all.py --input_file /mnt/analysis/arms_coi/3.correct_by_BayesHammer/ERR3460467/corrected/corrected.yaml --ext_python_modules_home /home/tools/SPAdes/SPAdes-3.14.0/share/spades --max_threads 10 --output_dir /mnt/analysis/arms_coi/3.correct_by_BayesHammer/ERR3460467/corrected


===== corrected reads compression finished. 


===== Read error correction finished. 


===== Breaking scaffolds started. 


== Running: /home/tools/OBI/OBI-env/bin/python /home/tools/SPAdes/SPAdes-3.14.0/share/spades/spades_pipeline/scripts/breaking_scaffolds_script.py --result_scaffolds_filename /mnt/analysis/arms_coi/3.correct_by_BayesHammer/ERR3460467/scaffolds.fasta --misc_dir /mnt/analysis/arms_coi/3.correct_by_BayesHammer/ERR3460467/misc --threshold_for_breaking_scaffolds 3


===== Breaking scaffolds finished. 


===== Terminate started. 


===== Terminate finished. 

 * Corrected reads are in /mnt/analysis/arms_coi/3.correct_by_BayesHammer/ERR3460467/corrected/

======= SPAdes pipeline finished.

SPAdes log can be found here: /mnt/analysis/arms_coi/3.correct_by_BayesHammer/ERR3460467/spades.log

Thank you for using SPAdes!
