Command line: /home/tools/SPAdes/SPAdes-3.14.0/bin/spades.py	--only-error-correction	--threads	20	-o	/mnt/analysis/bista_235bp/3.correct_by_BayesHammer/ERR1308201	-1	/mnt/analysis/bista_235bp/2.trimmomatic_output/filtered_max_ERR1308201_1.fastq.gz.1P.fastq.gz	-2	/mnt/analysis/bista_235bp/2.trimmomatic_output/filtered_max_ERR1308201_2.fastq.gz.2P.fastq.gz	--disable-gzip-output	

System information:
  SPAdes version: 3.14.0
  Python version: 2.7.12
  OS: Linux-5.8.0-48-generic-x86_64-with-Ubuntu-16.04-xenial

Output dir: /mnt/analysis/bista_235bp/3.correct_by_BayesHammer/ERR1308201
Mode: ONLY read error correction (without assembling)
Debug mode is turned OFF

Dataset parameters:
  Standard mode
  For multi-cell/isolate data we recommend to use '--isolate' option; for single-cell MDA data use '--sc'; for metagenomic data use '--meta'; for RNA-Seq use '--rna'.
  Reads:
    Library number: 1, library type: paired-end
      orientation: fr
      left reads: ['/mnt/analysis/bista_235bp/2.trimmomatic_output/filtered_max_ERR1308201_1.fastq.gz.1P.fastq.gz']
      right reads: ['/mnt/analysis/bista_235bp/2.trimmomatic_output/filtered_max_ERR1308201_2.fastq.gz.2P.fastq.gz']
      interlaced reads: not specified
      single reads: not specified
      merged reads: not specified
Read error correction parameters:
  Iterations: 1
  PHRED offset will be auto-detected
  Corrected reads will NOT be compressed
Other parameters:
  Dir for temp files: /mnt/analysis/bista_235bp/3.correct_by_BayesHammer/ERR1308201/tmp
  Threads: 20
  Memory limit (in Gb): 141


======= SPAdes pipeline started. Log can be found here: /mnt/analysis/bista_235bp/3.correct_by_BayesHammer/ERR1308201/spades.log


===== Read error correction started. 


===== Read error correction started. 


== Running: /home/tools/SPAdes/SPAdes-3.14.0/bin/spades-hammer /mnt/analysis/bista_235bp/3.correct_by_BayesHammer/ERR1308201/corrected/configs/config.info

  0:00:00.000     5M / 14M   INFO    General                 (main.cpp                  :  75)   Starting BayesHammer, built from N/A, git revision N/A
  0:00:00.000     5M / 14M   INFO    General                 (main.cpp                  :  76)   Loading config from /mnt/analysis/bista_235bp/3.correct_by_BayesHammer/ERR1308201/corrected/configs/config.info
  0:00:00.001     6M / 14M   INFO    General                 (main.cpp                  :  78)   Maximum # of threads to use (adjusted due to OMP capabilities): 20
  0:00:00.001     6M / 14M   INFO    General                 (memory_limit.cpp          :  49)   Memory limit set to 141 Gb
  0:00:00.001     6M / 14M   INFO    General                 (main.cpp                  :  86)   Trying to determine PHRED offset
  0:00:00.001     6M / 14M   INFO    General                 (main.cpp                  :  92)   Determined value is 33
  0:00:00.001     6M / 14M   INFO    General                 (hammer_tools.cpp          :  38)   Hamming graph threshold tau=1, k=21, subkmer positions = [ 0 10 ]
  0:00:00.001     6M / 14M   INFO    General                 (main.cpp                  : 113)   Size of aux. kmer data 24 bytes
     === ITERATION 0 begins ===
  0:00:00.001     6M / 14M   INFO   K-mer Index Building     (kmer_index_builder.hpp    : 301)   Building kmer index
  0:00:00.001     6M / 14M   INFO    General                 (kmer_index_builder.hpp    : 117)   Splitting kmer instances into 320 files using 20 threads. This might take a while.
  0:00:00.002     6M / 14M   INFO    General                 (file_limit.hpp            :  32)   Open file limit set to 1048576
  0:00:00.002     6M / 14M   INFO    General                 (kmer_splitters.hpp        :  89)   Memory available for splitting buffers: 2.34999 Gb
  0:00:00.002     6M / 14M   INFO    General                 (kmer_splitters.hpp        :  97)   Using cell size of 209715
  0:00:00.023    13G / 13G   INFO   K-mer Splitting          (kmer_data.cpp             :  97)   Processing /mnt/analysis/bista_235bp/2.trimmomatic_output/filtered_max_ERR1308201_1.fastq.gz.1P.fastq.gz
  0:00:02.848    13G / 13G   INFO   K-mer Splitting          (kmer_data.cpp             : 107)   Processed 246324 reads
  0:00:02.849    13G / 13G   INFO   K-mer Splitting          (kmer_data.cpp             :  97)   Processing /mnt/analysis/bista_235bp/2.trimmomatic_output/filtered_max_ERR1308201_2.fastq.gz.2P.fastq.gz
  0:00:05.636    13G / 13G   INFO   K-mer Splitting          (kmer_data.cpp             : 107)   Processed 492648 reads
  0:00:05.637    13G / 13G   INFO   K-mer Splitting          (kmer_data.cpp             : 112)   Total 492648 reads processed
  0:00:05.757   453M / 2G    INFO    General                 (kmer_index_builder.hpp    : 120)   Starting k-mer counting.
  0:00:05.806   453M / 2G    INFO    General                 (kmer_index_builder.hpp    : 127)   K-mer counting done. There are 2181548 kmers in total.
  0:00:05.807   453M / 2G    INFO    General                 (kmer_index_builder.hpp    : 133)   Merging temporary buckets.
  0:00:05.849   453M / 2G    INFO   K-mer Index Building     (kmer_index_builder.hpp    : 314)   Building perfect hash indices
  0:00:05.911   460M / 2G    INFO    General                 (kmer_index_builder.hpp    : 150)   Merging final buckets.
  0:00:05.989   460M / 2G    INFO   K-mer Index Building     (kmer_index_builder.hpp    : 336)   Index built. Total 1019984 bytes occupied (3.7404 bits per kmer).
  0:00:05.991   460M / 2G    INFO   K-mer Counting           (kmer_data.cpp             : 351)   Arranging kmers in hash map order
  0:00:06.078   500M / 2G    INFO    General                 (main.cpp                  : 148)   Clustering Hamming graph.
  0:00:07.216   500M / 2G    INFO    General                 (main.cpp                  : 155)   Extracting clusters
  0:00:07.674   502M / 2G    INFO    General                 (main.cpp                  : 167)   Clustering done. Total clusters: 434606
  0:00:07.677   482M / 2G    INFO   K-mer Counting           (kmer_data.cpp             : 371)   Collecting K-mer information, this takes a while.
  0:00:07.705   538M / 2G    INFO   K-mer Counting           (kmer_data.cpp             : 377)   Processing /mnt/analysis/bista_235bp/2.trimmomatic_output/filtered_max_ERR1308201_1.fastq.gz.1P.fastq.gz
  0:00:12.399   385M / 2G    INFO   K-mer Counting           (kmer_data.cpp             : 377)   Processing /mnt/analysis/bista_235bp/2.trimmomatic_output/filtered_max_ERR1308201_2.fastq.gz.2P.fastq.gz
  0:00:16.807   348M / 2G    INFO   K-mer Counting           (kmer_data.cpp             : 384)   Collection done, postprocessing.
  0:00:16.820   348M / 2G    INFO   K-mer Counting           (kmer_data.cpp             : 398)   There are 2181548 kmers in total. Among them 1289880 (59.1268%) are singletons.
  0:00:16.821   348M / 2G    INFO    General                 (main.cpp                  : 173)   Subclustering Hamming graph
  0:00:55.376   262M / 2G    INFO   Hamming Subclustering    (kmer_cluster.cpp          : 649)   Subclustering done. Total 38 non-read kmers were generated.
  0:00:55.378   262M / 2G    INFO   Hamming Subclustering    (kmer_cluster.cpp          : 650)   Subclustering statistics:
  0:00:55.379   262M / 2G    INFO   Hamming Subclustering    (kmer_cluster.cpp          : 651)     Total singleton hamming clusters: 354164. Among them 59828 (16.8927%) are good
  0:00:55.380   262M / 2G    INFO   Hamming Subclustering    (kmer_cluster.cpp          : 652)     Total singleton subclusters: 4044. Among them 3982 (98.4669%) are good
  0:00:55.380   262M / 2G    INFO   Hamming Subclustering    (kmer_cluster.cpp          : 653)     Total non-singleton subcluster centers: 129910. Among them 92420 (71.1416%) are good
  0:00:55.381   262M / 2G    INFO   Hamming Subclustering    (kmer_cluster.cpp          : 654)     Average size of non-trivial subcluster: 14.0701 kmers
  0:00:55.382   262M / 2G    INFO   Hamming Subclustering    (kmer_cluster.cpp          : 655)     Average number of sub-clusters per non-singleton cluster: 1.66522
  0:00:55.382   262M / 2G    INFO   Hamming Subclustering    (kmer_cluster.cpp          : 656)     Total solid k-mers: 156230
  0:00:55.383   262M / 2G    INFO   Hamming Subclustering    (kmer_cluster.cpp          : 657)     Substitution probabilities: [4,4]((0.915254,0.0260249,0.0238389,0.0348818),(0.0374628,0.916028,0.014532,0.0319767),(0.0317628,0.0141659,0.915468,0.0386036),(0.0344543,0.0236988,0.0261332,0.915714))
  0:00:55.385   262M / 2G    INFO    General                 (main.cpp                  : 178)   Finished clustering.
  0:00:55.386   262M / 2G    INFO    General                 (main.cpp                  : 197)   Starting solid k-mers expansion in 20 threads.
  0:00:59.855   223M / 2G    INFO    General                 (main.cpp                  : 218)   Solid k-mers iteration 0 produced 312117 new k-mers.
  0:01:04.690   206M / 2G    INFO    General                 (main.cpp                  : 218)   Solid k-mers iteration 1 produced 28754 new k-mers.
  0:01:09.662   200M / 2G    INFO    General                 (main.cpp                  : 218)   Solid k-mers iteration 2 produced 1617 new k-mers.
  0:01:14.489   187M / 2G    INFO    General                 (main.cpp                  : 218)   Solid k-mers iteration 3 produced 91 new k-mers.
  0:01:19.447   165M / 2G    INFO    General                 (main.cpp                  : 218)   Solid k-mers iteration 4 produced 24 new k-mers.
  0:01:24.356   158M / 2G    INFO    General                 (main.cpp                  : 218)   Solid k-mers iteration 5 produced 0 new k-mers.
  0:01:24.357   158M / 2G    INFO    General                 (main.cpp                  : 222)   Solid k-mers finalized
  0:01:24.358   158M / 2G    INFO    General                 (hammer_tools.cpp          : 222)   Starting read correction in 20 threads.
  0:01:24.358   158M / 2G    INFO    General                 (hammer_tools.cpp          : 235)   Correcting pair of reads: /mnt/analysis/bista_235bp/2.trimmomatic_output/filtered_max_ERR1308201_1.fastq.gz.1P.fastq.gz and /mnt/analysis/bista_235bp/2.trimmomatic_output/filtered_max_ERR1308201_2.fastq.gz.2P.fastq.gz
  0:01:28.748   932M / 2G    INFO    General                 (hammer_tools.cpp          : 170)   Prepared batch 0 of 246324 reads.
  0:01:32.293   979M / 2G    INFO    General                 (hammer_tools.cpp          : 177)   Processed batch 0
  0:01:33.556   978M / 2G    INFO    General                 (hammer_tools.cpp          : 187)   Written batch 0
  0:01:33.707   516M / 2G    INFO    General                 (hammer_tools.cpp          : 276)   Correction done. Changed 77398 bases in 40311 reads.
  0:01:33.707   516M / 2G    INFO    General                 (hammer_tools.cpp          : 277)   Failed to correct 7388 bases out of 134014373.
  0:01:33.715   439M / 2G    INFO    General                 (main.cpp                  : 255)   Saving corrected dataset description to /mnt/analysis/bista_235bp/3.correct_by_BayesHammer/ERR1308201/corrected/corrected.yaml
  0:01:33.716   439M / 2G    INFO    General                 (main.cpp                  : 262)   All done. Exiting.

===== Read error correction finished. 


===== corrected reads compression started. 


== Running: /home/tools/OBI/OBI-env/bin/python /home/tools/SPAdes/SPAdes-3.14.0/share/spades/spades_pipeline/scripts/compress_all.py --input_file /mnt/analysis/bista_235bp/3.correct_by_BayesHammer/ERR1308201/corrected/corrected.yaml --ext_python_modules_home /home/tools/SPAdes/SPAdes-3.14.0/share/spades --max_threads 20 --output_dir /mnt/analysis/bista_235bp/3.correct_by_BayesHammer/ERR1308201/corrected


===== corrected reads compression finished. 


===== Read error correction finished. 


===== Breaking scaffolds started. 


== Running: /home/tools/OBI/OBI-env/bin/python /home/tools/SPAdes/SPAdes-3.14.0/share/spades/spades_pipeline/scripts/breaking_scaffolds_script.py --result_scaffolds_filename /mnt/analysis/bista_235bp/3.correct_by_BayesHammer/ERR1308201/scaffolds.fasta --misc_dir /mnt/analysis/bista_235bp/3.correct_by_BayesHammer/ERR1308201/misc --threshold_for_breaking_scaffolds 3


===== Breaking scaffolds finished. 


===== Terminate started. 


===== Terminate finished. 

 * Corrected reads are in /mnt/analysis/bista_235bp/3.correct_by_BayesHammer/ERR1308201/corrected/

======= SPAdes pipeline finished.

SPAdes log can be found here: /mnt/analysis/bista_235bp/3.correct_by_BayesHammer/ERR1308201/spades.log

Thank you for using SPAdes!
