Command line: /home/tools/SPAdes/SPAdes-3.14.0/bin/spades.py	--only-error-correction	--threads	10	-o	/mnt/analysis/arms_coi/3.correct_by_BayesHammer/ERR3460470	-1	/mnt/analysis/arms_coi/2.trimmomatic_output/filtered_max_ERR3460470_1.fastq.gz.1P.fastq.gz	-2	/mnt/analysis/arms_coi/2.trimmomatic_output/filtered_max_ERR3460470_2.fastq.gz.2P.fastq.gz	--disable-gzip-output	

System information:
  SPAdes version: 3.14.0
  Python version: 2.7.12
  OS: Linux-5.8.0-48-generic-x86_64-with-Ubuntu-16.04-xenial

Output dir: /mnt/analysis/arms_coi/3.correct_by_BayesHammer/ERR3460470
Mode: ONLY read error correction (without assembling)
Debug mode is turned OFF

Dataset parameters:
  Standard mode
  For multi-cell/isolate data we recommend to use '--isolate' option; for single-cell MDA data use '--sc'; for metagenomic data use '--meta'; for RNA-Seq use '--rna'.
  Reads:
    Library number: 1, library type: paired-end
      orientation: fr
      left reads: ['/mnt/analysis/arms_coi/2.trimmomatic_output/filtered_max_ERR3460470_1.fastq.gz.1P.fastq.gz']
      right reads: ['/mnt/analysis/arms_coi/2.trimmomatic_output/filtered_max_ERR3460470_2.fastq.gz.2P.fastq.gz']
      interlaced reads: not specified
      single reads: not specified
      merged reads: not specified
Read error correction parameters:
  Iterations: 1
  PHRED offset will be auto-detected
  Corrected reads will NOT be compressed
Other parameters:
  Dir for temp files: /mnt/analysis/arms_coi/3.correct_by_BayesHammer/ERR3460470/tmp
  Threads: 10
  Memory limit (in Gb): 141


======= SPAdes pipeline started. Log can be found here: /mnt/analysis/arms_coi/3.correct_by_BayesHammer/ERR3460470/spades.log


===== Read error correction started. 


===== Read error correction started. 


== Running: /home/tools/SPAdes/SPAdes-3.14.0/bin/spades-hammer /mnt/analysis/arms_coi/3.correct_by_BayesHammer/ERR3460470/corrected/configs/config.info

  0:00:00.000     5M / 13M   INFO    General                 (main.cpp                  :  75)   Starting BayesHammer, built from N/A, git revision N/A
  0:00:00.000     5M / 13M   INFO    General                 (main.cpp                  :  76)   Loading config from /mnt/analysis/arms_coi/3.correct_by_BayesHammer/ERR3460470/corrected/configs/config.info
  0:00:00.001     6M / 13M   INFO    General                 (main.cpp                  :  78)   Maximum # of threads to use (adjusted due to OMP capabilities): 10
  0:00:00.001     6M / 13M   INFO    General                 (memory_limit.cpp          :  49)   Memory limit set to 141 Gb
  0:00:00.001     6M / 13M   INFO    General                 (main.cpp                  :  86)   Trying to determine PHRED offset
  0:00:00.001     6M / 13M   INFO    General                 (main.cpp                  :  92)   Determined value is 33
  0:00:00.001     6M / 13M   INFO    General                 (hammer_tools.cpp          :  38)   Hamming graph threshold tau=1, k=21, subkmer positions = [ 0 10 ]
  0:00:00.001     6M / 13M   INFO    General                 (main.cpp                  : 113)   Size of aux. kmer data 24 bytes
     === ITERATION 0 begins ===
  0:00:00.001     6M / 13M   INFO   K-mer Index Building     (kmer_index_builder.hpp    : 301)   Building kmer index
  0:00:00.001     6M / 13M   INFO    General                 (kmer_index_builder.hpp    : 117)   Splitting kmer instances into 160 files using 10 threads. This might take a while.
  0:00:00.002     6M / 13M   INFO    General                 (file_limit.hpp            :  32)   Open file limit set to 1048576
  0:00:00.002     6M / 13M   INFO    General                 (kmer_splitters.hpp        :  89)   Memory available for splitting buffers: 4.69998 Gb
  0:00:00.002     6M / 13M   INFO    General                 (kmer_splitters.hpp        :  97)   Using cell size of 419430
  0:00:00.009     7G / 7G    INFO   K-mer Splitting          (kmer_data.cpp             :  97)   Processing /mnt/analysis/arms_coi/2.trimmomatic_output/filtered_max_ERR3460470_1.fastq.gz.1P.fastq.gz
  0:00:01.837     7G / 7G    INFO   K-mer Splitting          (kmer_data.cpp             : 107)   Processed 134760 reads
  0:00:01.838     7G / 7G    INFO   K-mer Splitting          (kmer_data.cpp             :  97)   Processing /mnt/analysis/arms_coi/2.trimmomatic_output/filtered_max_ERR3460470_2.fastq.gz.2P.fastq.gz
  0:00:03.488     7G / 7G    INFO   K-mer Splitting          (kmer_data.cpp             : 107)   Processed 269520 reads
  0:00:03.489     7G / 7G    INFO   K-mer Splitting          (kmer_data.cpp             : 112)   Total 269520 reads processed
  0:00:03.554   259M / 728M  INFO    General                 (kmer_index_builder.hpp    : 120)   Starting k-mer counting.
  0:00:03.635   259M / 728M  INFO    General                 (kmer_index_builder.hpp    : 127)   K-mer counting done. There are 5468396 kmers in total.
  0:00:03.635   259M / 728M  INFO    General                 (kmer_index_builder.hpp    : 133)   Merging temporary buckets.
  0:00:03.703   259M / 728M  INFO   K-mer Index Building     (kmer_index_builder.hpp    : 314)   Building perfect hash indices
  0:00:03.908   249M / 728M  INFO    General                 (kmer_index_builder.hpp    : 150)   Merging final buckets.
  0:00:04.076   249M / 728M  INFO   K-mer Index Building     (kmer_index_builder.hpp    : 336)   Index built. Total 2543984 bytes occupied (3.72173 bits per kmer).
  0:00:04.078   249M / 728M  INFO   K-mer Counting           (kmer_data.cpp             : 351)   Arranging kmers in hash map order
  0:00:04.307   345M / 728M  INFO    General                 (main.cpp                  : 148)   Clustering Hamming graph.
  0:00:09.318   345M / 728M  INFO    General                 (main.cpp                  : 155)   Extracting clusters
  0:00:10.888   344M / 728M  INFO    General                 (main.cpp                  : 167)   Clustering done. Total clusters: 3450469
  0:00:10.892   296M / 728M  INFO   K-mer Counting           (kmer_data.cpp             : 371)   Collecting K-mer information, this takes a while.
  0:00:10.960   424M / 728M  INFO   K-mer Counting           (kmer_data.cpp             : 377)   Processing /mnt/analysis/arms_coi/2.trimmomatic_output/filtered_max_ERR3460470_1.fastq.gz.1P.fastq.gz
  0:00:15.491   375M / 728M  INFO   K-mer Counting           (kmer_data.cpp             : 377)   Processing /mnt/analysis/arms_coi/2.trimmomatic_output/filtered_max_ERR3460470_2.fastq.gz.2P.fastq.gz
  0:00:19.295   340M / 728M  INFO   K-mer Counting           (kmer_data.cpp             : 384)   Collection done, postprocessing.
  0:00:19.321   340M / 728M  INFO   K-mer Counting           (kmer_data.cpp             : 398)   There are 5468396 kmers in total. Among them 4461174 (81.581%) are singletons.
  0:00:19.322   340M / 728M  INFO    General                 (main.cpp                  : 173)   Subclustering Hamming graph
  0:01:28.502   267M / 728M  INFO   Hamming Subclustering    (kmer_cluster.cpp          : 649)   Subclustering done. Total 130 non-read kmers were generated.
  0:01:28.503   267M / 728M  INFO   Hamming Subclustering    (kmer_cluster.cpp          : 650)   Subclustering statistics:
  0:01:28.503   267M / 728M  INFO   Hamming Subclustering    (kmer_cluster.cpp          : 651)     Total singleton hamming clusters: 3309762. Among them 164820 (4.97981%) are good
  0:01:28.504   267M / 728M  INFO   Hamming Subclustering    (kmer_cluster.cpp          : 652)     Total singleton subclusters: 8595. Among them 8579 (99.8138%) are good
  0:01:28.504   267M / 728M  INFO   Hamming Subclustering    (kmer_cluster.cpp          : 653)     Total non-singleton subcluster centers: 217986. Among them 148288 (68.0264%) are good
  0:01:28.505   267M / 728M  INFO   Hamming Subclustering    (kmer_cluster.cpp          : 654)     Average size of non-trivial subcluster: 9.90469 kmers
  0:01:28.505   267M / 728M  INFO   Hamming Subclustering    (kmer_cluster.cpp          : 655)     Average number of sub-clusters per non-singleton cluster: 1.6103
  0:01:28.505   267M / 728M  INFO   Hamming Subclustering    (kmer_cluster.cpp          : 656)     Total solid k-mers: 321687
  0:01:28.506   267M / 728M  INFO   Hamming Subclustering    (kmer_cluster.cpp          : 657)     Substitution probabilities: [4,4]((0.909678,0.0294786,0.0291496,0.0316938),(0.0358023,0.921737,0.0129951,0.0294659),(0.0279323,0.0124851,0.922136,0.0374471),(0.0304304,0.0285137,0.0286508,0.912405))
  0:01:28.513   267M / 728M  INFO    General                 (main.cpp                  : 178)   Finished clustering.
  0:01:28.513   267M / 728M  INFO    General                 (main.cpp                  : 197)   Starting solid k-mers expansion in 10 threads.
  0:01:30.794   236M / 728M  INFO    General                 (main.cpp                  : 218)   Solid k-mers iteration 0 produced 203919 new k-mers.
  0:01:33.066   236M / 728M  INFO    General                 (main.cpp                  : 218)   Solid k-mers iteration 1 produced 18938 new k-mers.
  0:01:35.343   236M / 728M  INFO    General                 (main.cpp                  : 218)   Solid k-mers iteration 2 produced 1636 new k-mers.
  0:01:37.633   236M / 728M  INFO    General                 (main.cpp                  : 218)   Solid k-mers iteration 3 produced 137 new k-mers.
  0:01:39.908   236M / 728M  INFO    General                 (main.cpp                  : 218)   Solid k-mers iteration 4 produced 0 new k-mers.
  0:01:39.908   236M / 728M  INFO    General                 (main.cpp                  : 222)   Solid k-mers finalized
  0:01:39.909   236M / 728M  INFO    General                 (hammer_tools.cpp          : 222)   Starting read correction in 10 threads.
  0:01:39.909   236M / 728M  INFO    General                 (hammer_tools.cpp          : 235)   Correcting pair of reads: /mnt/analysis/arms_coi/2.trimmomatic_output/filtered_max_ERR3460470_1.fastq.gz.1P.fastq.gz and /mnt/analysis/arms_coi/2.trimmomatic_output/filtered_max_ERR3460470_2.fastq.gz.2P.fastq.gz
  0:01:42.329   629M / 728M  INFO    General                 (hammer_tools.cpp          : 170)   Prepared batch 0 of 134760 reads.
  0:02:06.286   624M / 728M  INFO    General                 (hammer_tools.cpp          : 177)   Processed batch 0
  0:02:07.015   624M / 728M  INFO    General                 (hammer_tools.cpp          : 187)   Written batch 0
  0:02:07.138   396M / 728M  INFO    General                 (hammer_tools.cpp          : 276)   Correction done. Changed 115986 bases in 38370 reads.
  0:02:07.138   396M / 728M  INFO    General                 (hammer_tools.cpp          : 277)   Failed to correct 148 bases out of 73263153.
  0:02:07.154   220M / 728M  INFO    General                 (main.cpp                  : 255)   Saving corrected dataset description to /mnt/analysis/arms_coi/3.correct_by_BayesHammer/ERR3460470/corrected/corrected.yaml
  0:02:07.155   220M / 728M  INFO    General                 (main.cpp                  : 262)   All done. Exiting.

===== Read error correction finished. 


===== corrected reads compression started. 


== Running: /home/tools/OBI/OBI-env/bin/python /home/tools/SPAdes/SPAdes-3.14.0/share/spades/spades_pipeline/scripts/compress_all.py --input_file /mnt/analysis/arms_coi/3.correct_by_BayesHammer/ERR3460470/corrected/corrected.yaml --ext_python_modules_home /home/tools/SPAdes/SPAdes-3.14.0/share/spades --max_threads 10 --output_dir /mnt/analysis/arms_coi/3.correct_by_BayesHammer/ERR3460470/corrected


===== corrected reads compression finished. 


===== Read error correction finished. 


===== Breaking scaffolds started. 


== Running: /home/tools/OBI/OBI-env/bin/python /home/tools/SPAdes/SPAdes-3.14.0/share/spades/spades_pipeline/scripts/breaking_scaffolds_script.py --result_scaffolds_filename /mnt/analysis/arms_coi/3.correct_by_BayesHammer/ERR3460470/scaffolds.fasta --misc_dir /mnt/analysis/arms_coi/3.correct_by_BayesHammer/ERR3460470/misc --threshold_for_breaking_scaffolds 3


===== Breaking scaffolds finished. 


===== Terminate started. 


===== Terminate finished. 

 * Corrected reads are in /mnt/analysis/arms_coi/3.correct_by_BayesHammer/ERR3460470/corrected/

======= SPAdes pipeline finished.

SPAdes log can be found here: /mnt/analysis/arms_coi/3.correct_by_BayesHammer/ERR3460470/spades.log

Thank you for using SPAdes!
