Command line: /home/tools/SPAdes/SPAdes-3.14.0/bin/spades.py	--only-error-correction	--threads	20	-o	/mnt/analysis/riverine/3.correct_by_BayesHammer/ERR0000001	-1	/mnt/analysis/riverine/2.trimmomatic_output/filtered_max_ERR0000001_1.fastq.gz.1P.fastq.gz	-2	/mnt/analysis/riverine/2.trimmomatic_output/filtered_max_ERR0000001_2.fastq.gz.2P.fastq.gz	--disable-gzip-output	

System information:
  SPAdes version: 3.14.0
  Python version: 2.7.12
  OS: Linux-5.8.0-48-generic-x86_64-with-Ubuntu-16.04-xenial

Output dir: /mnt/analysis/riverine/3.correct_by_BayesHammer/ERR0000001
Mode: ONLY read error correction (without assembling)
Debug mode is turned OFF

Dataset parameters:
  Standard mode
  For multi-cell/isolate data we recommend to use '--isolate' option; for single-cell MDA data use '--sc'; for metagenomic data use '--meta'; for RNA-Seq use '--rna'.
  Reads:
    Library number: 1, library type: paired-end
      orientation: fr
      left reads: ['/mnt/analysis/riverine/2.trimmomatic_output/filtered_max_ERR0000001_1.fastq.gz.1P.fastq.gz']
      right reads: ['/mnt/analysis/riverine/2.trimmomatic_output/filtered_max_ERR0000001_2.fastq.gz.2P.fastq.gz']
      interlaced reads: not specified
      single reads: not specified
      merged reads: not specified
Read error correction parameters:
  Iterations: 1
  PHRED offset will be auto-detected
  Corrected reads will NOT be compressed
Other parameters:
  Dir for temp files: /mnt/analysis/riverine/3.correct_by_BayesHammer/ERR0000001/tmp
  Threads: 20
  Memory limit (in Gb): 141


======= SPAdes pipeline started. Log can be found here: /mnt/analysis/riverine/3.correct_by_BayesHammer/ERR0000001/spades.log


===== Read error correction started. 


===== Read error correction started. 


== Running: /home/tools/SPAdes/SPAdes-3.14.0/bin/spades-hammer /mnt/analysis/riverine/3.correct_by_BayesHammer/ERR0000001/corrected/configs/config.info

  0:00:00.000     5M / 13M   INFO    General                 (main.cpp                  :  75)   Starting BayesHammer, built from N/A, git revision N/A
  0:00:00.000     5M / 13M   INFO    General                 (main.cpp                  :  76)   Loading config from /mnt/analysis/riverine/3.correct_by_BayesHammer/ERR0000001/corrected/configs/config.info
  0:00:00.000     6M / 13M   INFO    General                 (main.cpp                  :  78)   Maximum # of threads to use (adjusted due to OMP capabilities): 20
  0:00:00.000     6M / 13M   INFO    General                 (memory_limit.cpp          :  49)   Memory limit set to 141 Gb
  0:00:00.000     6M / 13M   INFO    General                 (main.cpp                  :  86)   Trying to determine PHRED offset
  0:00:00.001     6M / 13M   INFO    General                 (main.cpp                  :  92)   Determined value is 33
  0:00:00.001     6M / 13M   INFO    General                 (hammer_tools.cpp          :  38)   Hamming graph threshold tau=1, k=21, subkmer positions = [ 0 10 ]
  0:00:00.001     6M / 13M   INFO    General                 (main.cpp                  : 113)   Size of aux. kmer data 24 bytes
     === ITERATION 0 begins ===
  0:00:00.001     6M / 13M   INFO   K-mer Index Building     (kmer_index_builder.hpp    : 301)   Building kmer index
  0:00:00.001     6M / 13M   INFO    General                 (kmer_index_builder.hpp    : 117)   Splitting kmer instances into 320 files using 20 threads. This might take a while.
  0:00:00.001     6M / 13M   INFO    General                 (file_limit.hpp            :  32)   Open file limit set to 1048576
  0:00:00.001     6M / 13M   INFO    General                 (kmer_splitters.hpp        :  89)   Memory available for splitting buffers: 2.34999 Gb
  0:00:00.001     6M / 13M   INFO    General                 (kmer_splitters.hpp        :  97)   Using cell size of 209715
  0:00:00.022    13G / 13G   INFO   K-mer Splitting          (kmer_data.cpp             :  97)   Processing /mnt/analysis/riverine/2.trimmomatic_output/filtered_max_ERR0000001_1.fastq.gz.1P.fastq.gz
  0:00:00.675    13G / 13G   INFO   K-mer Splitting          (kmer_data.cpp             : 107)   Processed 70059 reads
  0:00:00.675    13G / 13G   INFO   K-mer Splitting          (kmer_data.cpp             :  97)   Processing /mnt/analysis/riverine/2.trimmomatic_output/filtered_max_ERR0000001_2.fastq.gz.2P.fastq.gz
  0:00:01.353    13G / 13G   INFO   K-mer Splitting          (kmer_data.cpp             : 107)   Processed 140118 reads
  0:00:01.354    13G / 13G   INFO   K-mer Splitting          (kmer_data.cpp             : 112)   Total 140118 reads processed
  0:00:01.399   273M / 313M  INFO    General                 (kmer_index_builder.hpp    : 120)   Starting k-mer counting.
  0:00:01.465   273M / 313M  INFO    General                 (kmer_index_builder.hpp    : 127)   K-mer counting done. There are 4190124 kmers in total.
  0:00:01.466   273M / 313M  INFO    General                 (kmer_index_builder.hpp    : 133)   Merging temporary buckets.
  0:00:01.528   273M / 313M  INFO   K-mer Index Building     (kmer_index_builder.hpp    : 314)   Building perfect hash indices
  0:00:01.638   272M / 313M  INFO    General                 (kmer_index_builder.hpp    : 150)   Merging final buckets.
  0:00:01.758   272M / 313M  INFO   K-mer Index Building     (kmer_index_builder.hpp    : 336)   Index built. Total 1951048 bytes occupied (3.72504 bits per kmer).
  0:00:01.760   272M / 313M  INFO   K-mer Counting           (kmer_data.cpp             : 351)   Arranging kmers in hash map order
  0:00:01.913   336M / 336M  INFO    General                 (main.cpp                  : 148)   Clustering Hamming graph.
  0:00:04.116   336M / 336M  INFO    General                 (main.cpp                  : 155)   Extracting clusters
  0:00:05.383   312M / 313M  INFO    General                 (main.cpp                  : 167)   Clustering done. Total clusters: 2932847
  0:00:05.386   280M / 313M  INFO   K-mer Counting           (kmer_data.cpp             : 371)   Collecting K-mer information, this takes a while.
  0:00:05.439   376M / 376M  INFO   K-mer Counting           (kmer_data.cpp             : 377)   Processing /mnt/analysis/riverine/2.trimmomatic_output/filtered_max_ERR0000001_1.fastq.gz.1P.fastq.gz
  0:00:06.449   342M / 342M  INFO   K-mer Counting           (kmer_data.cpp             : 377)   Processing /mnt/analysis/riverine/2.trimmomatic_output/filtered_max_ERR0000001_2.fastq.gz.2P.fastq.gz
  0:00:07.469   302M / 313M  INFO   K-mer Counting           (kmer_data.cpp             : 384)   Collection done, postprocessing.
  0:00:07.489   302M / 313M  INFO   K-mer Counting           (kmer_data.cpp             : 398)   There are 4190124 kmers in total. Among them 2497048 (59.5937%) are singletons.
  0:00:07.490   302M / 313M  INFO    General                 (main.cpp                  : 173)   Subclustering Hamming graph
  0:00:38.937   268M / 360M  INFO   Hamming Subclustering    (kmer_cluster.cpp          : 649)   Subclustering done. Total 99 non-read kmers were generated.
  0:00:38.939   268M / 360M  INFO   Hamming Subclustering    (kmer_cluster.cpp          : 650)   Subclustering statistics:
  0:00:38.940   268M / 360M  INFO   Hamming Subclustering    (kmer_cluster.cpp          : 651)     Total singleton hamming clusters: 2637828. Among them 1587102 (60.167%) are good
  0:00:38.940   268M / 360M  INFO   Hamming Subclustering    (kmer_cluster.cpp          : 652)     Total singleton subclusters: 14862. Among them 14828 (99.7712%) are good
  0:00:38.941   268M / 360M  INFO   Hamming Subclustering    (kmer_cluster.cpp          : 653)     Total non-singleton subcluster centers: 352685. Among them 267444 (75.8308%) are good
  0:00:38.941   268M / 360M  INFO   Hamming Subclustering    (kmer_cluster.cpp          : 654)     Average size of non-trivial subcluster: 4.40181 kmers
  0:00:38.941   268M / 360M  INFO   Hamming Subclustering    (kmer_cluster.cpp          : 655)     Average number of sub-clusters per non-singleton cluster: 1.24584
  0:00:38.942   268M / 360M  INFO   Hamming Subclustering    (kmer_cluster.cpp          : 656)     Total solid k-mers: 1869374
  0:00:38.942   268M / 360M  INFO   Hamming Subclustering    (kmer_cluster.cpp          : 657)     Substitution probabilities: [4,4]((0.915727,0.0416598,0.0189198,0.0236933),(0.0251506,0.938562,0.0110937,0.0251932),(0.0227288,0.0102763,0.937816,0.0291786),(0.0220241,0.01738,0.0384575,0.922138))
  0:00:38.948   268M / 360M  INFO    General                 (main.cpp                  : 178)   Finished clustering.
  0:00:38.949   268M / 360M  INFO    General                 (main.cpp                  : 197)   Starting solid k-mers expansion in 20 threads.
  0:00:40.077   247M / 360M  INFO    General                 (main.cpp                  : 218)   Solid k-mers iteration 0 produced 195384 new k-mers.
  0:00:41.161   247M / 360M  INFO    General                 (main.cpp                  : 218)   Solid k-mers iteration 1 produced 7297 new k-mers.
  0:00:42.129   247M / 360M  INFO    General                 (main.cpp                  : 218)   Solid k-mers iteration 2 produced 209 new k-mers.
  0:00:43.163   245M / 360M  INFO    General                 (main.cpp                  : 218)   Solid k-mers iteration 3 produced 0 new k-mers.
  0:00:43.163   245M / 360M  INFO    General                 (main.cpp                  : 222)   Solid k-mers finalized
  0:00:43.164   245M / 360M  INFO    General                 (hammer_tools.cpp          : 222)   Starting read correction in 20 threads.
  0:00:43.164   245M / 360M  INFO    General                 (hammer_tools.cpp          : 235)   Correcting pair of reads: /mnt/analysis/riverine/2.trimmomatic_output/filtered_max_ERR0000001_1.fastq.gz.1P.fastq.gz and /mnt/analysis/riverine/2.trimmomatic_output/filtered_max_ERR0000001_2.fastq.gz.2P.fastq.gz
  0:00:44.321   761M / 761M  INFO    General                 (hammer_tools.cpp          : 170)   Prepared batch 0 of 70059 reads.
  0:00:45.529   701M / 725M  INFO    General                 (hammer_tools.cpp          : 177)   Processed batch 0
  0:00:45.852   701M / 725M  INFO    General                 (hammer_tools.cpp          : 187)   Written batch 0
  0:00:45.945   253M / 725M  INFO    General                 (hammer_tools.cpp          : 276)   Correction done. Changed 43746 bases in 21675 reads.
  0:00:45.946   253M / 725M  INFO    General                 (hammer_tools.cpp          : 277)   Failed to correct 832 bases out of 28889760.
  0:00:45.959   125M / 725M  INFO    General                 (main.cpp                  : 255)   Saving corrected dataset description to /mnt/analysis/riverine/3.correct_by_BayesHammer/ERR0000001/corrected/corrected.yaml
  0:00:45.960   125M / 725M  INFO    General                 (main.cpp                  : 262)   All done. Exiting.

===== Read error correction finished. 


===== corrected reads compression started. 


== Running: /home/tools/OBI/OBI-env/bin/python /home/tools/SPAdes/SPAdes-3.14.0/share/spades/spades_pipeline/scripts/compress_all.py --input_file /mnt/analysis/riverine/3.correct_by_BayesHammer/ERR0000001/corrected/corrected.yaml --ext_python_modules_home /home/tools/SPAdes/SPAdes-3.14.0/share/spades --max_threads 20 --output_dir /mnt/analysis/riverine/3.correct_by_BayesHammer/ERR0000001/corrected


===== corrected reads compression finished. 


===== Read error correction finished. 


===== Breaking scaffolds started. 


== Running: /home/tools/OBI/OBI-env/bin/python /home/tools/SPAdes/SPAdes-3.14.0/share/spades/spades_pipeline/scripts/breaking_scaffolds_script.py --result_scaffolds_filename /mnt/analysis/riverine/3.correct_by_BayesHammer/ERR0000001/scaffolds.fasta --misc_dir /mnt/analysis/riverine/3.correct_by_BayesHammer/ERR0000001/misc --threshold_for_breaking_scaffolds 3


===== Breaking scaffolds finished. 


===== Terminate started. 


===== Terminate finished. 

 * Corrected reads are in /mnt/analysis/riverine/3.correct_by_BayesHammer/ERR0000001/corrected/

======= SPAdes pipeline finished.

SPAdes log can be found here: /mnt/analysis/riverine/3.correct_by_BayesHammer/ERR0000001/spades.log

Thank you for using SPAdes!
