Command line: /home/tools/SPAdes/SPAdes-3.14.0/bin/spades.py	--only-error-correction	--threads	20	-o	/mnt/analysis/bista_658bp/3.correct_by_BayesHammer/ERR1308288	-1	/mnt/analysis/bista_658bp/2.trimmomatic_output/filtered_max_ERR1308288_1.fastq.gz.1P.fastq.gz	-2	/mnt/analysis/bista_658bp/2.trimmomatic_output/filtered_max_ERR1308288_2.fastq.gz.2P.fastq.gz	--disable-gzip-output	

System information:
  SPAdes version: 3.14.0
  Python version: 2.7.12
  OS: Linux-5.8.0-48-generic-x86_64-with-Ubuntu-16.04-xenial

Output dir: /mnt/analysis/bista_658bp/3.correct_by_BayesHammer/ERR1308288
Mode: ONLY read error correction (without assembling)
Debug mode is turned OFF

Dataset parameters:
  Standard mode
  For multi-cell/isolate data we recommend to use '--isolate' option; for single-cell MDA data use '--sc'; for metagenomic data use '--meta'; for RNA-Seq use '--rna'.
  Reads:
    Library number: 1, library type: paired-end
      orientation: fr
      left reads: ['/mnt/analysis/bista_658bp/2.trimmomatic_output/filtered_max_ERR1308288_1.fastq.gz.1P.fastq.gz']
      right reads: ['/mnt/analysis/bista_658bp/2.trimmomatic_output/filtered_max_ERR1308288_2.fastq.gz.2P.fastq.gz']
      interlaced reads: not specified
      single reads: not specified
      merged reads: not specified
Read error correction parameters:
  Iterations: 1
  PHRED offset will be auto-detected
  Corrected reads will NOT be compressed
Other parameters:
  Dir for temp files: /mnt/analysis/bista_658bp/3.correct_by_BayesHammer/ERR1308288/tmp
  Threads: 20
  Memory limit (in Gb): 141


======= SPAdes pipeline started. Log can be found here: /mnt/analysis/bista_658bp/3.correct_by_BayesHammer/ERR1308288/spades.log


===== Read error correction started. 


===== Read error correction started. 


== Running: /home/tools/SPAdes/SPAdes-3.14.0/bin/spades-hammer /mnt/analysis/bista_658bp/3.correct_by_BayesHammer/ERR1308288/corrected/configs/config.info

  0:00:00.000     5M / 14M   INFO    General                 (main.cpp                  :  75)   Starting BayesHammer, built from N/A, git revision N/A
  0:00:00.000     5M / 14M   INFO    General                 (main.cpp                  :  76)   Loading config from /mnt/analysis/bista_658bp/3.correct_by_BayesHammer/ERR1308288/corrected/configs/config.info
  0:00:00.001     6M / 14M   INFO    General                 (main.cpp                  :  78)   Maximum # of threads to use (adjusted due to OMP capabilities): 20
  0:00:00.001     6M / 14M   INFO    General                 (memory_limit.cpp          :  49)   Memory limit set to 141 Gb
  0:00:00.001     6M / 14M   INFO    General                 (main.cpp                  :  86)   Trying to determine PHRED offset
  0:00:00.001     6M / 14M   INFO    General                 (main.cpp                  :  92)   Determined value is 33
  0:00:00.001     6M / 14M   INFO    General                 (hammer_tools.cpp          :  38)   Hamming graph threshold tau=1, k=21, subkmer positions = [ 0 10 ]
  0:00:00.001     6M / 14M   INFO    General                 (main.cpp                  : 113)   Size of aux. kmer data 24 bytes
     === ITERATION 0 begins ===
  0:00:00.001     6M / 14M   INFO   K-mer Index Building     (kmer_index_builder.hpp    : 301)   Building kmer index
  0:00:00.001     6M / 14M   INFO    General                 (kmer_index_builder.hpp    : 117)   Splitting kmer instances into 320 files using 20 threads. This might take a while.
  0:00:00.002     6M / 14M   INFO    General                 (file_limit.hpp            :  32)   Open file limit set to 1048576
  0:00:00.002     6M / 14M   INFO    General                 (kmer_splitters.hpp        :  89)   Memory available for splitting buffers: 2.34999 Gb
  0:00:00.002     6M / 14M   INFO    General                 (kmer_splitters.hpp        :  97)   Using cell size of 209715
  0:00:00.023    13G / 13G   INFO   K-mer Splitting          (kmer_data.cpp             :  97)   Processing /mnt/analysis/bista_658bp/2.trimmomatic_output/filtered_max_ERR1308288_1.fastq.gz.1P.fastq.gz
  0:00:06.499    13G / 13G   INFO   K-mer Splitting          (kmer_data.cpp             : 107)   Processed 477389 reads
  0:00:06.500    13G / 13G   INFO   K-mer Splitting          (kmer_data.cpp             :  97)   Processing /mnt/analysis/bista_658bp/2.trimmomatic_output/filtered_max_ERR1308288_2.fastq.gz.2P.fastq.gz
  0:00:13.277    13G / 13G   INFO   K-mer Splitting          (kmer_data.cpp             : 107)   Processed 954778 reads
  0:00:13.280    13G / 13G   INFO   K-mer Splitting          (kmer_data.cpp             : 112)   Total 954778 reads processed
  0:00:13.541   456M / 3G    INFO    General                 (kmer_index_builder.hpp    : 120)   Starting k-mer counting.
  0:00:13.705   456M / 3G    INFO    General                 (kmer_index_builder.hpp    : 127)   K-mer counting done. There are 16750458 kmers in total.
  0:00:13.706   456M / 3G    INFO    General                 (kmer_index_builder.hpp    : 133)   Merging temporary buckets.
  0:00:13.887   456M / 3G    INFO   K-mer Index Building     (kmer_index_builder.hpp    : 314)   Building perfect hash indices
  0:00:14.326   463M / 3G    INFO    General                 (kmer_index_builder.hpp    : 150)   Merging final buckets.
  0:00:14.842   463M / 3G    INFO   K-mer Index Building     (kmer_index_builder.hpp    : 336)   Index built. Total 7775464 bytes occupied (3.71355 bits per kmer).
  0:00:14.845   457M / 3G    INFO   K-mer Counting           (kmer_data.cpp             : 351)   Arranging kmers in hash map order
  0:00:15.450   713M / 3G    INFO    General                 (main.cpp                  : 148)   Clustering Hamming graph.
  0:00:27.242   713M / 3G    INFO    General                 (main.cpp                  : 155)   Extracting clusters
  0:00:32.285   682M / 3G    INFO    General                 (main.cpp                  : 167)   Clustering done. Total clusters: 4398354
  0:00:32.300   554M / 3G    INFO   K-mer Counting           (kmer_data.cpp             : 371)   Collecting K-mer information, this takes a while.
  0:00:32.511   940M / 3G    INFO   K-mer Counting           (kmer_data.cpp             : 377)   Processing /mnt/analysis/bista_658bp/2.trimmomatic_output/filtered_max_ERR1308288_1.fastq.gz.1P.fastq.gz
  0:00:41.872   811M / 3G    INFO   K-mer Counting           (kmer_data.cpp             : 377)   Processing /mnt/analysis/bista_658bp/2.trimmomatic_output/filtered_max_ERR1308288_2.fastq.gz.2P.fastq.gz
  0:00:50.715   812M / 3G    INFO   K-mer Counting           (kmer_data.cpp             : 384)   Collection done, postprocessing.
  0:00:50.800   812M / 3G    INFO   K-mer Counting           (kmer_data.cpp             : 398)   There are 16750458 kmers in total. Among them 11498660 (68.6468%) are singletons.
  0:00:50.801   812M / 3G    INFO    General                 (main.cpp                  : 173)   Subclustering Hamming graph
  0:04:59.042   702M / 3G    INFO   Hamming Subclustering    (kmer_cluster.cpp          : 649)   Subclustering done. Total 779 non-read kmers were generated.
  0:04:59.043   702M / 3G    INFO   Hamming Subclustering    (kmer_cluster.cpp          : 650)   Subclustering statistics:
  0:04:59.044   702M / 3G    INFO   Hamming Subclustering    (kmer_cluster.cpp          : 651)     Total singleton hamming clusters: 3660320. Among them 231324 (6.31978%) are good
  0:04:59.044   702M / 3G    INFO   Hamming Subclustering    (kmer_cluster.cpp          : 652)     Total singleton subclusters: 16843. Among them 15811 (93.8728%) are good
  0:04:59.045   702M / 3G    INFO   Hamming Subclustering    (kmer_cluster.cpp          : 653)     Total non-singleton subcluster centers: 1115239. Among them 616369 (55.2679%) are good
  0:04:59.045   702M / 3G    INFO   Hamming Subclustering    (kmer_cluster.cpp          : 654)     Average size of non-trivial subcluster: 11.756 kmers
  0:04:59.046   702M / 3G    INFO   Hamming Subclustering    (kmer_cluster.cpp          : 655)     Average number of sub-clusters per non-singleton cluster: 1.53392
  0:04:59.046   702M / 3G    INFO   Hamming Subclustering    (kmer_cluster.cpp          : 656)     Total solid k-mers: 863504
  0:04:59.047   702M / 3G    INFO   Hamming Subclustering    (kmer_cluster.cpp          : 657)     Substitution probabilities: [4,4]((0.899852,0.0320597,0.0298493,0.0382389),(0.040602,0.9022,0.0175275,0.039671),(0.0387811,0.0169234,0.902576,0.0417191),(0.0374385,0.0293329,0.0315102,0.901718))
  0:04:59.055   702M / 3G    INFO    General                 (main.cpp                  : 178)   Finished clustering.
  0:04:59.055   702M / 3G    INFO    General                 (main.cpp                  : 197)   Starting solid k-mers expansion in 20 threads.
  0:05:08.559   689M / 3G    INFO    General                 (main.cpp                  : 218)   Solid k-mers iteration 0 produced 1671758 new k-mers.
  0:05:18.202   680M / 3G    INFO    General                 (main.cpp                  : 218)   Solid k-mers iteration 1 produced 325537 new k-mers.
  0:05:27.534   668M / 3G    INFO    General                 (main.cpp                  : 218)   Solid k-mers iteration 2 produced 40499 new k-mers.
  0:05:36.739   662M / 3G    INFO    General                 (main.cpp                  : 218)   Solid k-mers iteration 3 produced 4885 new k-mers.
  0:05:46.782   656M / 3G    INFO    General                 (main.cpp                  : 218)   Solid k-mers iteration 4 produced 771 new k-mers.
  0:05:56.136   650M / 3G    INFO    General                 (main.cpp                  : 218)   Solid k-mers iteration 5 produced 24 new k-mers.
  0:06:05.868   632M / 3G    INFO    General                 (main.cpp                  : 218)   Solid k-mers iteration 6 produced 0 new k-mers.
  0:06:05.869   632M / 3G    INFO    General                 (main.cpp                  : 222)   Solid k-mers finalized
  0:06:05.870   632M / 3G    INFO    General                 (hammer_tools.cpp          : 222)   Starting read correction in 20 threads.
  0:06:05.870   632M / 3G    INFO    General                 (hammer_tools.cpp          : 235)   Correcting pair of reads: /mnt/analysis/bista_658bp/2.trimmomatic_output/filtered_max_ERR1308288_1.fastq.gz.1P.fastq.gz and /mnt/analysis/bista_658bp/2.trimmomatic_output/filtered_max_ERR1308288_2.fastq.gz.2P.fastq.gz
  0:06:14.761     2G / 3G    INFO    General                 (hammer_tools.cpp          : 170)   Prepared batch 0 of 477389 reads.
  0:06:42.789     2G / 3G    INFO    General                 (hammer_tools.cpp          : 177)   Processed batch 0
  0:06:45.237     2G / 3G    INFO    General                 (hammer_tools.cpp          : 187)   Written batch 0
  0:06:45.484     2G / 3G    INFO    General                 (hammer_tools.cpp          : 276)   Correction done. Changed 440405 bases in 144104 reads.
  0:06:45.485     2G / 3G    INFO    General                 (hammer_tools.cpp          : 277)   Failed to correct 10374 bases out of 249669846.
  0:06:45.537   716M / 3G    INFO    General                 (main.cpp                  : 255)   Saving corrected dataset description to /mnt/analysis/bista_658bp/3.correct_by_BayesHammer/ERR1308288/corrected/corrected.yaml
  0:06:45.539   716M / 3G    INFO    General                 (main.cpp                  : 262)   All done. Exiting.

===== Read error correction finished. 


===== corrected reads compression started. 


== Running: /home/tools/OBI/OBI-env/bin/python /home/tools/SPAdes/SPAdes-3.14.0/share/spades/spades_pipeline/scripts/compress_all.py --input_file /mnt/analysis/bista_658bp/3.correct_by_BayesHammer/ERR1308288/corrected/corrected.yaml --ext_python_modules_home /home/tools/SPAdes/SPAdes-3.14.0/share/spades --max_threads 20 --output_dir /mnt/analysis/bista_658bp/3.correct_by_BayesHammer/ERR1308288/corrected


===== corrected reads compression finished. 


===== Read error correction finished. 


===== Breaking scaffolds started. 


== Running: /home/tools/OBI/OBI-env/bin/python /home/tools/SPAdes/SPAdes-3.14.0/share/spades/spades_pipeline/scripts/breaking_scaffolds_script.py --result_scaffolds_filename /mnt/analysis/bista_658bp/3.correct_by_BayesHammer/ERR1308288/scaffolds.fasta --misc_dir /mnt/analysis/bista_658bp/3.correct_by_BayesHammer/ERR1308288/misc --threshold_for_breaking_scaffolds 3


===== Breaking scaffolds finished. 


===== Terminate started. 


===== Terminate finished. 

 * Corrected reads are in /mnt/analysis/bista_658bp/3.correct_by_BayesHammer/ERR1308288/corrected/

======= SPAdes pipeline finished.

SPAdes log can be found here: /mnt/analysis/bista_658bp/3.correct_by_BayesHammer/ERR1308288/spades.log

Thank you for using SPAdes!
