Command line: /home/tools/SPAdes/SPAdes-3.14.0/bin/spades.py	--only-error-correction	--threads	20	-o	/mnt/analysis/rivers_bf2_br3_450/3.correct_by_BayesHammer/ERR0000001	-1	/mnt/analysis/rivers_bf2_br3_450/2.trimmomatic_output/filtered_max_ERR0000001_1.fastq.gz.1P.fastq.gz	-2	/mnt/analysis/rivers_bf2_br3_450/2.trimmomatic_output/filtered_max_ERR0000001_2.fastq.gz.2P.fastq.gz	--disable-gzip-output	

System information:
  SPAdes version: 3.14.0
  Python version: 2.7.12
  OS: Linux-5.8.0-48-generic-x86_64-with-Ubuntu-16.04-xenial

Output dir: /mnt/analysis/rivers_bf2_br3_450/3.correct_by_BayesHammer/ERR0000001
Mode: ONLY read error correction (without assembling)
Debug mode is turned OFF

Dataset parameters:
  Standard mode
  For multi-cell/isolate data we recommend to use '--isolate' option; for single-cell MDA data use '--sc'; for metagenomic data use '--meta'; for RNA-Seq use '--rna'.
  Reads:
    Library number: 1, library type: paired-end
      orientation: fr
      left reads: ['/mnt/analysis/rivers_bf2_br3_450/2.trimmomatic_output/filtered_max_ERR0000001_1.fastq.gz.1P.fastq.gz']
      right reads: ['/mnt/analysis/rivers_bf2_br3_450/2.trimmomatic_output/filtered_max_ERR0000001_2.fastq.gz.2P.fastq.gz']
      interlaced reads: not specified
      single reads: not specified
      merged reads: not specified
Read error correction parameters:
  Iterations: 1
  PHRED offset will be auto-detected
  Corrected reads will NOT be compressed
Other parameters:
  Dir for temp files: /mnt/analysis/rivers_bf2_br3_450/3.correct_by_BayesHammer/ERR0000001/tmp
  Threads: 20
  Memory limit (in Gb): 141


======= SPAdes pipeline started. Log can be found here: /mnt/analysis/rivers_bf2_br3_450/3.correct_by_BayesHammer/ERR0000001/spades.log


===== Read error correction started. 


===== Read error correction started. 


== Running: /home/tools/SPAdes/SPAdes-3.14.0/bin/spades-hammer /mnt/analysis/rivers_bf2_br3_450/3.correct_by_BayesHammer/ERR0000001/corrected/configs/config.info

  0:00:00.000     5M / 13M   INFO    General                 (main.cpp                  :  75)   Starting BayesHammer, built from N/A, git revision N/A
  0:00:00.000     5M / 13M   INFO    General                 (main.cpp                  :  76)   Loading config from /mnt/analysis/rivers_bf2_br3_450/3.correct_by_BayesHammer/ERR0000001/corrected/configs/config.info
  0:00:00.001     6M / 13M   INFO    General                 (main.cpp                  :  78)   Maximum # of threads to use (adjusted due to OMP capabilities): 20
  0:00:00.001     6M / 13M   INFO    General                 (memory_limit.cpp          :  49)   Memory limit set to 141 Gb
  0:00:00.001     6M / 13M   INFO    General                 (main.cpp                  :  86)   Trying to determine PHRED offset
  0:00:00.001     6M / 13M   INFO    General                 (main.cpp                  :  92)   Determined value is 33
  0:00:00.001     6M / 13M   INFO    General                 (hammer_tools.cpp          :  38)   Hamming graph threshold tau=1, k=21, subkmer positions = [ 0 10 ]
  0:00:00.001     6M / 13M   INFO    General                 (main.cpp                  : 113)   Size of aux. kmer data 24 bytes
     === ITERATION 0 begins ===
  0:00:00.001     6M / 13M   INFO   K-mer Index Building     (kmer_index_builder.hpp    : 301)   Building kmer index
  0:00:00.001     6M / 13M   INFO    General                 (kmer_index_builder.hpp    : 117)   Splitting kmer instances into 320 files using 20 threads. This might take a while.
  0:00:00.002     6M / 13M   INFO    General                 (file_limit.hpp            :  32)   Open file limit set to 1048576
  0:00:00.002     6M / 13M   INFO    General                 (kmer_splitters.hpp        :  89)   Memory available for splitting buffers: 2.34999 Gb
  0:00:00.002     6M / 13M   INFO    General                 (kmer_splitters.hpp        :  97)   Using cell size of 209715
  0:00:00.023    13G / 13G   INFO   K-mer Splitting          (kmer_data.cpp             :  97)   Processing /mnt/analysis/rivers_bf2_br3_450/2.trimmomatic_output/filtered_max_ERR0000001_1.fastq.gz.1P.fastq.gz
  0:00:03.635    13G / 13G   INFO   K-mer Splitting          (kmer_data.cpp             : 107)   Processed 224420 reads
  0:00:03.636    13G / 13G   INFO   K-mer Splitting          (kmer_data.cpp             :  97)   Processing /mnt/analysis/rivers_bf2_br3_450/2.trimmomatic_output/filtered_max_ERR0000001_2.fastq.gz.2P.fastq.gz
  0:00:07.152    13G / 13G   INFO   K-mer Splitting          (kmer_data.cpp             : 107)   Processed 448840 reads
  0:00:07.153    13G / 13G   INFO   K-mer Splitting          (kmer_data.cpp             : 112)   Total 448840 reads processed
  0:00:07.272   366M / 2G    INFO    General                 (kmer_index_builder.hpp    : 120)   Starting k-mer counting.
  0:00:07.785   367M / 2G    INFO    General                 (kmer_index_builder.hpp    : 127)   K-mer counting done. There are 42679604 kmers in total.
  0:00:07.785   367M / 2G    INFO    General                 (kmer_index_builder.hpp    : 133)   Merging temporary buckets.
  0:00:08.203   367M / 2G    INFO   K-mer Index Building     (kmer_index_builder.hpp    : 314)   Building perfect hash indices
  0:00:09.419   351M / 2G    INFO    General                 (kmer_index_builder.hpp    : 150)   Merging final buckets.
  0:00:10.320   351M / 2G    INFO   K-mer Index Building     (kmer_index_builder.hpp    : 336)   Index built. Total 19801108 bytes occupied (3.71158 bits per kmer).
  0:00:10.322   333M / 2G    INFO   K-mer Counting           (kmer_data.cpp             : 351)   Arranging kmers in hash map order
  0:00:11.904     2G / 2G    INFO    General                 (main.cpp                  : 148)   Clustering Hamming graph.
  0:00:47.718     2G / 2G    INFO    General                 (main.cpp                  : 155)   Extracting clusters
  0:01:01.168     2G / 3G    INFO    General                 (main.cpp                  : 167)   Clustering done. Total clusters: 31679696
  0:01:01.203   865M / 3G    INFO   K-mer Counting           (kmer_data.cpp             : 371)   Collecting K-mer information, this takes a while.
  0:01:01.737     2G / 3G    INFO   K-mer Counting           (kmer_data.cpp             : 377)   Processing /mnt/analysis/rivers_bf2_br3_450/2.trimmomatic_output/filtered_max_ERR0000001_1.fastq.gz.1P.fastq.gz
  0:01:07.778     2G / 3G    INFO   K-mer Counting           (kmer_data.cpp             : 377)   Processing /mnt/analysis/rivers_bf2_br3_450/2.trimmomatic_output/filtered_max_ERR0000001_2.fastq.gz.2P.fastq.gz
  0:01:13.469     2G / 3G    INFO   K-mer Counting           (kmer_data.cpp             : 384)   Collection done, postprocessing.
  0:01:13.648     2G / 3G    INFO   K-mer Counting           (kmer_data.cpp             : 398)   There are 42679604 kmers in total. Among them 25486240 (59.7153%) are singletons.
  0:01:13.649     2G / 3G    INFO    General                 (main.cpp                  : 173)   Subclustering Hamming graph
  0:02:50.954     2G / 3G    INFO   Hamming Subclustering    (kmer_cluster.cpp          : 649)   Subclustering done. Total 2056 non-read kmers were generated.
  0:02:50.956     2G / 3G    INFO   Hamming Subclustering    (kmer_cluster.cpp          : 650)   Subclustering statistics:
  0:02:50.956     2G / 3G    INFO   Hamming Subclustering    (kmer_cluster.cpp          : 651)     Total singleton hamming clusters: 29047802. Among them 15695382 (54.0329%) are good
  0:02:50.957     2G / 3G    INFO   Hamming Subclustering    (kmer_cluster.cpp          : 652)     Total singleton subclusters: 143397. Among them 143120 (99.8068%) are good
  0:02:50.957     2G / 3G    INFO   Hamming Subclustering    (kmer_cluster.cpp          : 653)     Total non-singleton subcluster centers: 2971332. Among them 1603695 (53.9723%) are good
  0:02:50.958     2G / 3G    INFO   Hamming Subclustering    (kmer_cluster.cpp          : 654)     Average size of non-trivial subcluster: 4.58972 kmers
  0:02:50.958     2G / 3G    INFO   Hamming Subclustering    (kmer_cluster.cpp          : 655)     Average number of sub-clusters per non-singleton cluster: 1.18346
  0:02:50.959     2G / 3G    INFO   Hamming Subclustering    (kmer_cluster.cpp          : 656)     Total solid k-mers: 17442197
  0:02:50.959     2G / 3G    INFO   Hamming Subclustering    (kmer_cluster.cpp          : 657)     Substitution probabilities: [4,4]((0.895272,0.0369362,0.0409895,0.0268025),(0.0237307,0.917507,0.0224925,0.0362702),(0.0328696,0.0210938,0.918751,0.0272858),(0.0251889,0.0379123,0.0336825,0.903216))
  0:02:51.011     2G / 3G    INFO    General                 (main.cpp                  : 178)   Finished clustering.
  0:02:51.012     2G / 3G    INFO    General                 (main.cpp                  : 197)   Starting solid k-mers expansion in 20 threads.
  0:02:55.751     2G / 3G    INFO    General                 (main.cpp                  : 218)   Solid k-mers iteration 0 produced 999238 new k-mers.
  0:03:00.697     2G / 3G    INFO    General                 (main.cpp                  : 218)   Solid k-mers iteration 1 produced 80349 new k-mers.
  0:03:05.897     2G / 3G    INFO    General                 (main.cpp                  : 218)   Solid k-mers iteration 2 produced 5538 new k-mers.
  0:03:10.943     2G / 3G    INFO    General                 (main.cpp                  : 218)   Solid k-mers iteration 3 produced 762 new k-mers.
  0:03:16.000     2G / 3G    INFO    General                 (main.cpp                  : 218)   Solid k-mers iteration 4 produced 90 new k-mers.
  0:03:21.095     2G / 3G    INFO    General                 (main.cpp                  : 218)   Solid k-mers iteration 5 produced 0 new k-mers.
  0:03:21.097     2G / 3G    INFO    General                 (main.cpp                  : 222)   Solid k-mers finalized
  0:03:21.098     2G / 3G    INFO    General                 (hammer_tools.cpp          : 222)   Starting read correction in 20 threads.
  0:03:21.098     2G / 3G    INFO    General                 (hammer_tools.cpp          : 235)   Correcting pair of reads: /mnt/analysis/rivers_bf2_br3_450/2.trimmomatic_output/filtered_max_ERR0000001_1.fastq.gz.1P.fastq.gz and /mnt/analysis/rivers_bf2_br3_450/2.trimmomatic_output/filtered_max_ERR0000001_2.fastq.gz.2P.fastq.gz
  0:03:25.710     3G / 3G    INFO    General                 (hammer_tools.cpp          : 170)   Prepared batch 0 of 224420 reads.
  0:05:00.300     3G / 3G    INFO    General                 (hammer_tools.cpp          : 177)   Processed batch 0
  0:05:01.510     3G / 3G    INFO    General                 (hammer_tools.cpp          : 187)   Written batch 0
  0:05:01.751     2G / 3G    INFO    General                 (hammer_tools.cpp          : 276)   Correction done. Changed 619459 bases in 143862 reads.
  0:05:01.752     2G / 3G    INFO    General                 (hammer_tools.cpp          : 277)   Failed to correct 58439 bases out of 130463251.
  0:05:01.887   399M / 3G    INFO    General                 (main.cpp                  : 255)   Saving corrected dataset description to /mnt/analysis/rivers_bf2_br3_450/3.correct_by_BayesHammer/ERR0000001/corrected/corrected.yaml
  0:05:01.888   399M / 3G    INFO    General                 (main.cpp                  : 262)   All done. Exiting.

===== Read error correction finished. 


===== corrected reads compression started. 


== Running: /home/tools/OBI/OBI-env/bin/python /home/tools/SPAdes/SPAdes-3.14.0/share/spades/spades_pipeline/scripts/compress_all.py --input_file /mnt/analysis/rivers_bf2_br3_450/3.correct_by_BayesHammer/ERR0000001/corrected/corrected.yaml --ext_python_modules_home /home/tools/SPAdes/SPAdes-3.14.0/share/spades --max_threads 20 --output_dir /mnt/analysis/rivers_bf2_br3_450/3.correct_by_BayesHammer/ERR0000001/corrected


===== corrected reads compression finished. 


===== Read error correction finished. 


===== Breaking scaffolds started. 


== Running: /home/tools/OBI/OBI-env/bin/python /home/tools/SPAdes/SPAdes-3.14.0/share/spades/spades_pipeline/scripts/breaking_scaffolds_script.py --result_scaffolds_filename /mnt/analysis/rivers_bf2_br3_450/3.correct_by_BayesHammer/ERR0000001/scaffolds.fasta --misc_dir /mnt/analysis/rivers_bf2_br3_450/3.correct_by_BayesHammer/ERR0000001/misc --threshold_for_breaking_scaffolds 3


===== Breaking scaffolds finished. 


===== Terminate started. 


===== Terminate finished. 

 * Corrected reads are in /mnt/analysis/rivers_bf2_br3_450/3.correct_by_BayesHammer/ERR0000001/corrected/

======= SPAdes pipeline finished.

SPAdes log can be found here: /mnt/analysis/rivers_bf2_br3_450/3.correct_by_BayesHammer/ERR0000001/spades.log

Thank you for using SPAdes!
