Command line: /home/tools/SPAdes/SPAdes-3.14.0/bin/spades.py	--only-error-correction	--threads	20	-o	/mnt/analysis/rivers_bf2_br3/3.correct_by_BayesHammer/ERR0000001	-1	/mnt/analysis/rivers_bf2_br3/2.trimmomatic_output/filtered_max_ERR0000001_1.fastq.gz.1P.fastq.gz	-2	/mnt/analysis/rivers_bf2_br3/2.trimmomatic_output/filtered_max_ERR0000001_2.fastq.gz.2P.fastq.gz	--disable-gzip-output	

System information:
  SPAdes version: 3.14.0
  Python version: 2.7.12
  OS: Linux-5.8.0-48-generic-x86_64-with-Ubuntu-16.04-xenial

Output dir: /mnt/analysis/rivers_bf2_br3/3.correct_by_BayesHammer/ERR0000001
Mode: ONLY read error correction (without assembling)
Debug mode is turned OFF

Dataset parameters:
  Standard mode
  For multi-cell/isolate data we recommend to use '--isolate' option; for single-cell MDA data use '--sc'; for metagenomic data use '--meta'; for RNA-Seq use '--rna'.
  Reads:
    Library number: 1, library type: paired-end
      orientation: fr
      left reads: ['/mnt/analysis/rivers_bf2_br3/2.trimmomatic_output/filtered_max_ERR0000001_1.fastq.gz.1P.fastq.gz']
      right reads: ['/mnt/analysis/rivers_bf2_br3/2.trimmomatic_output/filtered_max_ERR0000001_2.fastq.gz.2P.fastq.gz']
      interlaced reads: not specified
      single reads: not specified
      merged reads: not specified
Read error correction parameters:
  Iterations: 1
  PHRED offset will be auto-detected
  Corrected reads will NOT be compressed
Other parameters:
  Dir for temp files: /mnt/analysis/rivers_bf2_br3/3.correct_by_BayesHammer/ERR0000001/tmp
  Threads: 20
  Memory limit (in Gb): 141


======= SPAdes pipeline started. Log can be found here: /mnt/analysis/rivers_bf2_br3/3.correct_by_BayesHammer/ERR0000001/spades.log


===== Read error correction started. 


===== Read error correction started. 


== Running: /home/tools/SPAdes/SPAdes-3.14.0/bin/spades-hammer /mnt/analysis/rivers_bf2_br3/3.correct_by_BayesHammer/ERR0000001/corrected/configs/config.info

  0:00:00.000     5M / 14M   INFO    General                 (main.cpp                  :  75)   Starting BayesHammer, built from N/A, git revision N/A
  0:00:00.000     5M / 14M   INFO    General                 (main.cpp                  :  76)   Loading config from /mnt/analysis/rivers_bf2_br3/3.correct_by_BayesHammer/ERR0000001/corrected/configs/config.info
  0:00:00.001     6M / 14M   INFO    General                 (main.cpp                  :  78)   Maximum # of threads to use (adjusted due to OMP capabilities): 20
  0:00:00.001     6M / 14M   INFO    General                 (memory_limit.cpp          :  49)   Memory limit set to 141 Gb
  0:00:00.001     6M / 14M   INFO    General                 (main.cpp                  :  86)   Trying to determine PHRED offset
  0:00:00.001     6M / 14M   INFO    General                 (main.cpp                  :  92)   Determined value is 33
  0:00:00.001     6M / 14M   INFO    General                 (hammer_tools.cpp          :  38)   Hamming graph threshold tau=1, k=21, subkmer positions = [ 0 10 ]
  0:00:00.001     6M / 14M   INFO    General                 (main.cpp                  : 113)   Size of aux. kmer data 24 bytes
     === ITERATION 0 begins ===
  0:00:00.001     6M / 14M   INFO   K-mer Index Building     (kmer_index_builder.hpp    : 301)   Building kmer index
  0:00:00.001     6M / 14M   INFO    General                 (kmer_index_builder.hpp    : 117)   Splitting kmer instances into 320 files using 20 threads. This might take a while.
  0:00:00.002     6M / 14M   INFO    General                 (file_limit.hpp            :  32)   Open file limit set to 1048576
  0:00:00.002     6M / 14M   INFO    General                 (kmer_splitters.hpp        :  89)   Memory available for splitting buffers: 2.34999 Gb
  0:00:00.002     6M / 14M   INFO    General                 (kmer_splitters.hpp        :  97)   Using cell size of 209715
  0:00:00.023    13G / 13G   INFO   K-mer Splitting          (kmer_data.cpp             :  97)   Processing /mnt/analysis/rivers_bf2_br3/2.trimmomatic_output/filtered_max_ERR0000001_1.fastq.gz.1P.fastq.gz
  0:00:03.392    13G / 13G   INFO   K-mer Splitting          (kmer_data.cpp             : 107)   Processed 224420 reads
  0:00:03.393    13G / 13G   INFO   K-mer Splitting          (kmer_data.cpp             :  97)   Processing /mnt/analysis/rivers_bf2_br3/2.trimmomatic_output/filtered_max_ERR0000001_2.fastq.gz.2P.fastq.gz
  0:00:06.532    13G / 13G   INFO   K-mer Splitting          (kmer_data.cpp             : 107)   Processed 448840 reads
  0:00:06.532    13G / 13G   INFO   K-mer Splitting          (kmer_data.cpp             : 112)   Total 448840 reads processed
  0:00:06.640   354M / 2G    INFO    General                 (kmer_index_builder.hpp    : 120)   Starting k-mer counting.
  0:00:07.086   350M / 2G    INFO    General                 (kmer_index_builder.hpp    : 127)   K-mer counting done. There are 36037346 kmers in total.
  0:00:07.086   350M / 2G    INFO    General                 (kmer_index_builder.hpp    : 133)   Merging temporary buckets.
  0:00:07.448   350M / 2G    INFO   K-mer Index Building     (kmer_index_builder.hpp    : 314)   Building perfect hash indices
  0:00:08.454   341M / 2G    INFO    General                 (kmer_index_builder.hpp    : 150)   Merging final buckets.
  0:00:09.230   341M / 2G    INFO   K-mer Index Building     (kmer_index_builder.hpp    : 336)   Index built. Total 16718592 bytes occupied (3.71139 bits per kmer).
  0:00:09.232   325M / 2G    INFO   K-mer Counting           (kmer_data.cpp             : 351)   Arranging kmers in hash map order
  0:00:10.604   967M / 2G    INFO    General                 (main.cpp                  : 148)   Clustering Hamming graph.
  0:00:39.465   967M / 2G    INFO    General                 (main.cpp                  : 155)   Extracting clusters
  0:00:51.112     2G / 3G    INFO    General                 (main.cpp                  : 167)   Clustering done. Total clusters: 26941554
  0:00:51.140   742M / 3G    INFO   K-mer Counting           (kmer_data.cpp             : 371)   Collecting K-mer information, this takes a while.
  0:00:51.590     2G / 3G    INFO   K-mer Counting           (kmer_data.cpp             : 377)   Processing /mnt/analysis/rivers_bf2_br3/2.trimmomatic_output/filtered_max_ERR0000001_1.fastq.gz.1P.fastq.gz
  0:00:57.141     2G / 3G    INFO   K-mer Counting           (kmer_data.cpp             : 377)   Processing /mnt/analysis/rivers_bf2_br3/2.trimmomatic_output/filtered_max_ERR0000001_2.fastq.gz.2P.fastq.gz
  0:01:02.259     2G / 3G    INFO   K-mer Counting           (kmer_data.cpp             : 384)   Collection done, postprocessing.
  0:01:02.426     2G / 3G    INFO   K-mer Counting           (kmer_data.cpp             : 398)   There are 36037346 kmers in total. Among them 20014420 (55.538%) are singletons.
  0:01:02.426     2G / 3G    INFO    General                 (main.cpp                  : 173)   Subclustering Hamming graph
  0:02:31.661     2G / 3G    INFO   Hamming Subclustering    (kmer_cluster.cpp          : 649)   Subclustering done. Total 1736 non-read kmers were generated.
  0:02:31.662     2G / 3G    INFO   Hamming Subclustering    (kmer_cluster.cpp          : 650)   Subclustering statistics:
  0:02:31.662     2G / 3G    INFO   Hamming Subclustering    (kmer_cluster.cpp          : 651)     Total singleton hamming clusters: 24765900. Among them 15898824 (64.1964%) are good
  0:02:31.663     2G / 3G    INFO   Hamming Subclustering    (kmer_cluster.cpp          : 652)     Total singleton subclusters: 148425. Among them 148261 (99.8895%) are good
  0:02:31.663     2G / 3G    INFO   Hamming Subclustering    (kmer_cluster.cpp          : 653)     Total non-singleton subcluster centers: 2487429. Among them 1569913 (63.1139%) are good
  0:02:31.664     2G / 3G    INFO   Hamming Subclustering    (kmer_cluster.cpp          : 654)     Average size of non-trivial subcluster: 4.53294 kmers
  0:02:31.664     2G / 3G    INFO   Hamming Subclustering    (kmer_cluster.cpp          : 655)     Average number of sub-clusters per non-singleton cluster: 1.21152
  0:02:31.665     2G / 3G    INFO   Hamming Subclustering    (kmer_cluster.cpp          : 656)     Total solid k-mers: 17616998
  0:02:31.665     2G / 3G    INFO   Hamming Subclustering    (kmer_cluster.cpp          : 657)     Substitution probabilities: [4,4]((0.896549,0.0334694,0.0418494,0.0281322),(0.0227944,0.917309,0.021851,0.0380453),(0.034676,0.020639,0.918837,0.0258484),(0.0264812,0.0389313,0.0308184,0.903769))
  0:02:31.710     2G / 3G    INFO    General                 (main.cpp                  : 178)   Finished clustering.
  0:02:31.711     2G / 3G    INFO    General                 (main.cpp                  : 197)   Starting solid k-mers expansion in 20 threads.
  0:02:36.230     2G / 3G    INFO    General                 (main.cpp                  : 218)   Solid k-mers iteration 0 produced 1192019 new k-mers.
  0:02:41.061     2G / 3G    INFO    General                 (main.cpp                  : 218)   Solid k-mers iteration 1 produced 103846 new k-mers.
  0:02:45.878     2G / 3G    INFO    General                 (main.cpp                  : 218)   Solid k-mers iteration 2 produced 6738 new k-mers.
  0:02:50.652     2G / 3G    INFO    General                 (main.cpp                  : 218)   Solid k-mers iteration 3 produced 542 new k-mers.
  0:02:55.301     2G / 3G    INFO    General                 (main.cpp                  : 218)   Solid k-mers iteration 4 produced 30 new k-mers.
  0:02:59.622     2G / 3G    INFO    General                 (main.cpp                  : 218)   Solid k-mers iteration 5 produced 0 new k-mers.
  0:02:59.623     2G / 3G    INFO    General                 (main.cpp                  : 222)   Solid k-mers finalized
  0:02:59.624     2G / 3G    INFO    General                 (hammer_tools.cpp          : 222)   Starting read correction in 20 threads.
  0:02:59.624     2G / 3G    INFO    General                 (hammer_tools.cpp          : 235)   Correcting pair of reads: /mnt/analysis/rivers_bf2_br3/2.trimmomatic_output/filtered_max_ERR0000001_1.fastq.gz.1P.fastq.gz and /mnt/analysis/rivers_bf2_br3/2.trimmomatic_output/filtered_max_ERR0000001_2.fastq.gz.2P.fastq.gz
  0:03:03.881     3G / 3G    INFO    General                 (hammer_tools.cpp          : 170)   Prepared batch 0 of 224420 reads.
  0:03:38.182     3G / 3G    INFO    General                 (hammer_tools.cpp          : 177)   Processed batch 0
  0:03:39.266     3G / 3G    INFO    General                 (hammer_tools.cpp          : 187)   Written batch 0
  0:03:39.482     2G / 3G    INFO    General                 (hammer_tools.cpp          : 276)   Correction done. Changed 352567 bases in 93157 reads.
  0:03:39.483     2G / 3G    INFO    General                 (hammer_tools.cpp          : 277)   Failed to correct 51055 bases out of 120342072.
  0:03:39.600   378M / 3G    INFO    General                 (main.cpp                  : 255)   Saving corrected dataset description to /mnt/analysis/rivers_bf2_br3/3.correct_by_BayesHammer/ERR0000001/corrected/corrected.yaml
  0:03:39.602   378M / 3G    INFO    General                 (main.cpp                  : 262)   All done. Exiting.

===== Read error correction finished. 


===== corrected reads compression started. 


== Running: /home/tools/OBI/OBI-env/bin/python /home/tools/SPAdes/SPAdes-3.14.0/share/spades/spades_pipeline/scripts/compress_all.py --input_file /mnt/analysis/rivers_bf2_br3/3.correct_by_BayesHammer/ERR0000001/corrected/corrected.yaml --ext_python_modules_home /home/tools/SPAdes/SPAdes-3.14.0/share/spades --max_threads 20 --output_dir /mnt/analysis/rivers_bf2_br3/3.correct_by_BayesHammer/ERR0000001/corrected


===== corrected reads compression finished. 


===== Read error correction finished. 


===== Breaking scaffolds started. 


== Running: /home/tools/OBI/OBI-env/bin/python /home/tools/SPAdes/SPAdes-3.14.0/share/spades/spades_pipeline/scripts/breaking_scaffolds_script.py --result_scaffolds_filename /mnt/analysis/rivers_bf2_br3/3.correct_by_BayesHammer/ERR0000001/scaffolds.fasta --misc_dir /mnt/analysis/rivers_bf2_br3/3.correct_by_BayesHammer/ERR0000001/misc --threshold_for_breaking_scaffolds 3


===== Breaking scaffolds finished. 


===== Terminate started. 


===== Terminate finished. 

 * Corrected reads are in /mnt/analysis/rivers_bf2_br3/3.correct_by_BayesHammer/ERR0000001/corrected/

======= SPAdes pipeline finished.

SPAdes log can be found here: /mnt/analysis/rivers_bf2_br3/3.correct_by_BayesHammer/ERR0000001/spades.log

Thank you for using SPAdes!
